[2019-06-11 10:24:47] local.ERROR: include(/www/wwwroot/admin.licongying.cn/cmall/vendor/composer/../symfony/contracts/Translation/LocaleAwareInterface.php): failed to open stream: No such file or directory {"exception":"[object] (ErrorException(code: 0): include(/www/wwwroot/admin.licongying.cn/cmall/vendor/composer/../symfony/contracts/Translation/LocaleAwareInterface.php): failed to open stream: No such file or directory at /www/wwwroot/admin.licongying.cn/cmall/vendor/composer/ClassLoader.php:444)
[stacktrace]
#0 /www/wwwroot/admin.licongying.cn/cmall/vendor/composer/ClassLoader.php(444): Illuminate\\Foundation\\Bootstrap\\HandleExceptions->handleError(2, 'include(/www/ww...', '/www/wwwroot/ad...', 444, Array)
#1 /www/wwwroot/admin.licongying.cn/cmall/vendor/composer/ClassLoader.php(444): include()
#2 /www/wwwroot/admin.licongying.cn/cmall/vendor/composer/ClassLoader.php(322): Composer\\Autoload\\includeFile('/www/wwwroot/ad...')
#3 [internal function]: Composer\\Autoload\\ClassLoader->loadClass('Symfony\\\\Contrac...')
#4 /www/wwwroot/admin.licongying.cn/cmall/vendor/symfony/translation/TranslatorInterface.php(24): spl_autoload_call('Symfony\\\\Contrac...')
#5 /www/wwwroot/admin.licongying.cn/cmall/vendor/composer/ClassLoader.php(444): include('/www/wwwroot/ad...')
#6 /www/wwwroot/admin.licongying.cn/cmall/vendor/composer/ClassLoader.php(322): Composer\\Autoload\\includeFile('/www/wwwroot/ad...')
#7 [internal function]: Composer\\Autoload\\ClassLoader->loadClass('Symfony\\\\Compone...')
#8 /www/wwwroot/admin.licongying.cn/cmall/vendor/symfony/translation/Translator.php(32): spl_autoload_call('Symfony\\\\Compone...')
#9 /www/wwwroot/admin.licongying.cn/cmall/vendor/composer/ClassLoader.php(444): include('/www/wwwroot/ad...')
#10 /www/wwwroot/admin.licongying.cn/cmall/vendor/composer/ClassLoader.php(322): Composer\\Autoload\\includeFile('/www/wwwroot/ad...')
#11 [internal function]: Composer\\Autoload\\ClassLoader->loadClass('Symfony\\\\Compone...')
#12 /www/wwwroot/admin.licongying.cn/cmall/vendor/nesbot/carbon/src/Carbon/Translator.php(18): spl_autoload_call('Symfony\\\\Compone...')
#13 /www/wwwroot/admin.licongying.cn/cmall/vendor/composer/ClassLoader.php(444): include('/www/wwwroot/ad...')
#14 /www/wwwroot/admin.licongying.cn/cmall/vendor/composer/ClassLoader.php(322): Composer\\Autoload\\includeFile('/www/wwwroot/ad...')
#15 [internal function]: Composer\\Autoload\\ClassLoader->loadClass('Carbon\\\\Translat...')
#16 /www/wwwroot/admin.licongying.cn/cmall/vendor/nesbot/carbon/src/Carbon/Traits/Localization.php(103): spl_autoload_call('Carbon\\\\Translat...')
#17 /www/wwwroot/admin.licongying.cn/cmall/vendor/nesbot/carbon/src/Carbon/Traits/Localization.php(408): Carbon\\Carbon::translator()
#18 /www/wwwroot/admin.licongying.cn/cmall/vendor/nesbot/carbon/src/Carbon/Laravel/ServiceProvider.php(35): Carbon\\Carbon::setLocale('en')
#19 /www/wwwroot/admin.licongying.cn/cmall/vendor/nesbot/carbon/src/Carbon/Laravel/ServiceProvider.php(26): Carbon\\Laravel\\ServiceProvider->updateLocale()
#20 [internal function]: Carbon\\Laravel\\ServiceProvider->boot()
#21 /www/wwwroot/admin.licongying.cn/cmall/vendor/laravel/framework/src/Illuminate/Container/BoundMethod.php(32): call_user_func_array(Array, Array)
#22 /www/wwwroot/admin.licongying.cn/cmall/vendor/laravel/framework/src/Illuminate/Container/BoundMethod.php(90): Illuminate\\Container\\BoundMethod::Illuminate\\Container\\{closure}()
#23 /www/wwwroot/admin.licongying.cn/cmall/vendor/laravel/framework/src/Illuminate/Container/BoundMethod.php(34): Illuminate\\Container\\BoundMethod::callBoundMethod(Object(Illuminate\\Foundation\\Application), Array, Object(Closure))
#24 /www/wwwroot/admin.licongying.cn/cmall/vendor/laravel/framework/src/Illuminate/Container/Container.php(576): Illuminate\\Container\\BoundMethod::call(Object(Illuminate\\Foundation\\Application), Array, Array, NULL)
#25 /www/wwwroot/admin.licongying.cn/cmall/vendor/laravel/framework/src/Illuminate/Foundation/Application.php(827): Illuminate\\Container\\Container->call(Array)
#26 /www/wwwroot/admin.licongying.cn/cmall/vendor/laravel/framework/src/Illuminate/Foundation/Application.php(810): Illuminate\\Foundation\\Application->bootProvider(Object(Carbon\\Laravel\\ServiceProvider))
#27 [internal function]: Illuminate\\Foundation\\Application->Illuminate\\Foundation\\{closure}(Object(Carbon\\Laravel\\ServiceProvider), 17)
#28 /www/wwwroot/admin.licongying.cn/cmall/vendor/laravel/framework/src/Illuminate/Foundation/Application.php(811): array_walk(Array, Object(Closure))
#29 /www/wwwroot/admin.licongying.cn/cmall/vendor/laravel/framework/src/Illuminate/Foundation/Bootstrap/BootProviders.php(17): Illuminate\\Foundation\\Application->boot()
#30 /www/wwwroot/admin.licongying.cn/cmall/vendor/laravel/framework/src/Illuminate/Foundation/Application.php(210): Illuminate\\Foundation\\Bootstrap\\BootProviders->bootstrap(Object(Illuminate\\Foundation\\Application))
#31 /www/wwwroot/admin.licongying.cn/cmall/vendor/laravel/framework/src/Illuminate/Foundation/Http/Kernel.php(162): Illuminate\\Foundation\\Application->bootstrapWith(Array)
#32 /www/wwwroot/admin.licongying.cn/cmall/vendor/laravel/framework/src/Illuminate/Foundation/Http/Kernel.php(146): Illuminate\\Foundation\\Http\\Kernel->bootstrap()
#33 /www/wwwroot/admin.licongying.cn/cmall/vendor/laravel/framework/src/Illuminate/Foundation/Http/Kernel.php(116): Illuminate\\Foundation\\Http\\Kernel->sendRequestThroughRouter(Object(Illuminate\\Http\\Request))
#34 /www/wwwroot/admin.licongying.cn/cmall/public/index.php(55): Illuminate\\Foundation\\Http\\Kernel->handle(Object(Illuminate\\Http\\Request))
#35 {main}
"} 
[2019-06-11 10:42:37] local.ERROR: Driver [admin] is not supported. {"exception":"[object] (InvalidArgumentException(code: 0): Driver [admin] is not supported. at /www/wwwroot/admin.licongying.cn/cmall/vendor/laravel/framework/src/Illuminate/Filesystem/FilesystemManager.php:127)
[stacktrace]
#0 /www/wwwroot/admin.licongying.cn/cmall/vendor/laravel/framework/src/Illuminate/Filesystem/FilesystemManager.php(103): Illuminate\\Filesystem\\FilesystemManager->resolve('admin')
#1 /www/wwwroot/admin.licongying.cn/cmall/vendor/laravel/framework/src/Illuminate/Filesystem/FilesystemManager.php(80): Illuminate\\Filesystem\\FilesystemManager->get('admin')
#2 /www/wwwroot/admin.licongying.cn/cmall/vendor/laravel/framework/src/Illuminate/Support/Facades/Facade.php(237): Illuminate\\Filesystem\\FilesystemManager->disk('admin')
#3 /www/wwwroot/admin.licongying.cn/cmall/vendor/encore/laravel-admin/src/Form/Field/UploadField.php(176): Illuminate\\Support\\Facades\\Facade::__callStatic('disk', Array)
#4 /www/wwwroot/admin.licongying.cn/cmall/vendor/encore/laravel-admin/src/Form/Field/UploadField.php(78): Encore\\Admin\\Form\\Field\\File->disk('admin')
#5 /www/wwwroot/admin.licongying.cn/cmall/vendor/encore/laravel-admin/src/Form/Field/File.php(40): Encore\\Admin\\Form\\Field\\File->initStorage()
#6 /www/wwwroot/admin.licongying.cn/cmall/vendor/encore/laravel-admin/src/Form.php(1617): Encore\\Admin\\Form\\Field\\File->__construct('avatar', Array)
#7 /www/wwwroot/admin.licongying.cn/cmall/vendor/encore/laravel-admin/src/Controllers/UserController.php(101): Encore\\Admin\\Form->__call('image', Array)
#8 /www/wwwroot/admin.licongying.cn/cmall/vendor/encore/laravel-admin/src/Controllers/AdminController.php(100): Encore\\Admin\\Controllers\\UserController->form()
#9 [internal function]: Encore\\Admin\\Controllers\\AdminController->create(Object(Encore\\Admin\\Layout\\Content))
#10 /www/wwwroot/admin.licongying.cn/cmall/vendor/laravel/framework/src/Illuminate/Routing/Controller.php(54): call_user_func_array(Array, Array)
#11 /www/wwwroot/admin.licongying.cn/cmall/vendor/laravel/framework/src/Illuminate/Routing/ControllerDispatcher.php(45): Illuminate\\Routing\\Controller->callAction('create', Array)
#12 /www/wwwroot/admin.licongying.cn/cmall/vendor/laravel/framework/src/Illuminate/Routing/Route.php(219): Illuminate\\Routing\\ControllerDispatcher->dispatch(Object(Illuminate\\Routing\\Route), Object(Encore\\Admin\\Controllers\\UserController), 'create')
#13 /www/wwwroot/admin.licongying.cn/cmall/vendor/laravel/framework/src/Illuminate/Routing/Route.php(176): Illuminate\\Routing\\Route->runController()
#14 /www/wwwroot/admin.licongying.cn/cmall/vendor/laravel/framework/src/Illuminate/Routing/Router.php(680): Illuminate\\Routing\\Route->run()
#15 /www/wwwroot/admin.licongying.cn/cmall/vendor/laravel/framework/src/Illuminate/Routing/Pipeline.php(30): Illuminate\\Routing\\Router->Illuminate\\Routing\\{closure}(Object(Illuminate\\Http\\Request))
#16 /www/wwwroot/admin.licongying.cn/cmall/vendor/encore/laravel-admin/src/Middleware/Permission.php(42): Illuminate\\Routing\\Pipeline->Illuminate\\Routing\\{closure}(Object(Illuminate\\Http\\Request))
#17 /www/wwwroot/admin.licongying.cn/cmall/vendor/laravel/framework/src/Illuminate/Pipeline/Pipeline.php(163): Encore\\Admin\\Middleware\\Permission->handle(Object(Illuminate\\Http\\Request), Object(Closure))
#18 /www/wwwroot/admin.licongying.cn/cmall/vendor/laravel/framework/src/Illuminate/Routing/Pipeline.php(53): Illuminate\\Pipeline\\Pipeline->Illuminate\\Pipeline\\{closure}(Object(Illuminate\\Http\\Request))
#19 /www/wwwroot/admin.licongying.cn/cmall/vendor/encore/laravel-admin/src/Middleware/Bootstrap.php(15): Illuminate\\Routing\\Pipeline->Illuminate\\Routing\\{closure}(Object(Illuminate\\Http\\Request))
#20 /www/wwwroot/admin.licongying.cn/cmall/vendor/laravel/framework/src/Illuminate/Pipeline/Pipeline.php(163): Encore\\Admin\\Middleware\\Bootstrap->handle(Object(Illuminate\\Http\\Request), Object(Closure))
#21 /www/wwwroot/admin.licongying.cn/cmall/vendor/laravel/framework/src/Illuminate/Routing/Pipeline.php(53): Illuminate\\Pipeline\\Pipeline->Illuminate\\Pipeline\\{closure}(Object(Illuminate\\Http\\Request))
#22 /www/wwwroot/admin.licongying.cn/cmall/vendor/encore/laravel-admin/src/Middleware/LogOperation.php(38): Illuminate\\Routing\\Pipeline->Illuminate\\Routing\\{closure}(Object(Illuminate\\Http\\Request))
#23 /www/wwwroot/admin.licongying.cn/cmall/vendor/laravel/framework/src/Illuminate/Pipeline/Pipeline.php(163): Encore\\Admin\\Middleware\\LogOperation->handle(Object(Illuminate\\Http\\Request), Object(Closure))
#24 /www/wwwroot/admin.licongying.cn/cmall/vendor/laravel/framework/src/Illuminate/Routing/Pipeline.php(53): Illuminate\\Pipeline\\Pipeline->Illuminate\\Pipeline\\{closure}(Object(Illuminate\\Http\\Request))
#25 /www/wwwroot/admin.licongying.cn/cmall/vendor/encore/laravel-admin/src/Middleware/Pjax.php(24): Illuminate\\Routing\\Pipeline->Illuminate\\Routing\\{closure}(Object(Illuminate\\Http\\Request))
#26 /www/wwwroot/admin.licongying.cn/cmall/vendor/laravel/framework/src/Illuminate/Pipeline/Pipeline.php(163): Encore\\Admin\\Middleware\\Pjax->handle(Object(Illuminate\\Http\\Request), Object(Closure))
#27 /www/wwwroot/admin.licongying.cn/cmall/vendor/laravel/framework/src/Illuminate/Routing/Pipeline.php(53): Illuminate\\Pipeline\\Pipeline->Illuminate\\Pipeline\\{closure}(Object(Illuminate\\Http\\Request))
#28 /www/wwwroot/admin.licongying.cn/cmall/vendor/encore/laravel-admin/src/Middleware/Authenticate.php(27): Illuminate\\Routing\\Pipeline->Illuminate\\Routing\\{closure}(Object(Illuminate\\Http\\Request))
#29 /www/wwwroot/admin.licongying.cn/cmall/vendor/laravel/framework/src/Illuminate/Pipeline/Pipeline.php(163): Encore\\Admin\\Middleware\\Authenticate->handle(Object(Illuminate\\Http\\Request), Object(Closure))
#30 /www/wwwroot/admin.licongying.cn/cmall/vendor/laravel/framework/src/Illuminate/Routing/Pipeline.php(53): Illuminate\\Pipeline\\Pipeline->Illuminate\\Pipeline\\{closure}(Object(Illuminate\\Http\\Request))
#31 /www/wwwroot/admin.licongying.cn/cmall/vendor/laravel/framework/src/Illuminate/Routing/Middleware/SubstituteBindings.php(41): Illuminate\\Routing\\Pipeline->Illuminate\\Routing\\{closure}(Object(Illuminate\\Http\\Request))
#32 /www/wwwroot/admin.licongying.cn/cmall/vendor/laravel/framework/src/Illuminate/Pipeline/Pipeline.php(163): Illuminate\\Routing\\Middleware\\SubstituteBindings->handle(Object(Illuminate\\Http\\Request), Object(Closure))
#33 /www/wwwroot/admin.licongying.cn/cmall/vendor/laravel/framework/src/Illuminate/Routing/Pipeline.php(53): Illuminate\\Pipeline\\Pipeline->Illuminate\\Pipeline\\{closure}(Object(Illuminate\\Http\\Request))
#34 /www/wwwroot/admin.licongying.cn/cmall/vendor/laravel/framework/src/Illuminate/Foundation/Http/Middleware/VerifyCsrfToken.php(75): Illuminate\\Routing\\Pipeline->Illuminate\\Routing\\{closure}(Object(Illuminate\\Http\\Request))
#35 /www/wwwroot/admin.licongying.cn/cmall/vendor/laravel/framework/src/Illuminate/Pipeline/Pipeline.php(163): Illuminate\\Foundation\\Http\\Middleware\\VerifyCsrfToken->handle(Object(Illuminate\\Http\\Request), Object(Closure))
#36 /www/wwwroot/admin.licongying.cn/cmall/vendor/laravel/framework/src/Illuminate/Routing/Pipeline.php(53): Illuminate\\Pipeline\\Pipeline->Illuminate\\Pipeline\\{closure}(Object(Illuminate\\Http\\Request))
#37 /www/wwwroot/admin.licongying.cn/cmall/vendor/laravel/framework/src/Illuminate/View/Middleware/ShareErrorsFromSession.php(49): Illuminate\\Routing\\Pipeline->Illuminate\\Routing\\{closure}(Object(Illuminate\\Http\\Request))
#38 /www/wwwroot/admin.licongying.cn/cmall/vendor/laravel/framework/src/Illuminate/Pipeline/Pipeline.php(163): Illuminate\\View\\Middleware\\ShareErrorsFromSession->handle(Object(Illuminate\\Http\\Request), Object(Closure))
#39 /www/wwwroot/admin.licongying.cn/cmall/vendor/laravel/framework/src/Illuminate/Routing/Pipeline.php(53): Illuminate\\Pipeline\\Pipeline->Illuminate\\Pipeline\\{closure}(Object(Illuminate\\Http\\Request))
#40 /www/wwwroot/admin.licongying.cn/cmall/vendor/laravel/framework/src/Illuminate/Session/Middleware/StartSession.php(56): Illuminate\\Routing\\Pipeline->Illuminate\\Routing\\{closure}(Object(Illuminate\\Http\\Request))
#41 /www/wwwroot/admin.licongying.cn/cmall/vendor/laravel/framework/src/Illuminate/Pipeline/Pipeline.php(163): Illuminate\\Session\\Middleware\\StartSession->handle(Object(Illuminate\\Http\\Request), Object(Closure))
#42 /www/wwwroot/admin.licongying.cn/cmall/vendor/laravel/framework/src/Illuminate/Routing/Pipeline.php(53): Illuminate\\Pipeline\\Pipeline->Illuminate\\Pipeline\\{closure}(Object(Illuminate\\Http\\Request))
#43 /www/wwwroot/admin.licongying.cn/cmall/vendor/laravel/framework/src/Illuminate/Cookie/Middleware/AddQueuedCookiesToResponse.php(37): Illuminate\\Routing\\Pipeline->Illuminate\\Routing\\{closure}(Object(Illuminate\\Http\\Request))
#44 /www/wwwroot/admin.licongying.cn/cmall/vendor/laravel/framework/src/Illuminate/Pipeline/Pipeline.php(163): Illuminate\\Cookie\\Middleware\\AddQueuedCookiesToResponse->handle(Object(Illuminate\\Http\\Request), Object(Closure))
#45 /www/wwwroot/admin.licongying.cn/cmall/vendor/laravel/framework/src/Illuminate/Routing/Pipeline.php(53): Illuminate\\Pipeline\\Pipeline->Illuminate\\Pipeline\\{closure}(Object(Illuminate\\Http\\Request))
#46 /www/wwwroot/admin.licongying.cn/cmall/vendor/laravel/framework/src/Illuminate/Cookie/Middleware/EncryptCookies.php(66): Illuminate\\Routing\\Pipeline->Illuminate\\Routing\\{closure}(Object(Illuminate\\Http\\Request))
#47 /www/wwwroot/admin.licongying.cn/cmall/vendor/laravel/framework/src/Illuminate/Pipeline/Pipeline.php(163): Illuminate\\Cookie\\Middleware\\EncryptCookies->handle(Object(Illuminate\\Http\\Request), Object(Closure))
#48 /www/wwwroot/admin.licongying.cn/cmall/vendor/laravel/framework/src/Illuminate/Routing/Pipeline.php(53): Illuminate\\Pipeline\\Pipeline->Illuminate\\Pipeline\\{closure}(Object(Illuminate\\Http\\Request))
#49 /www/wwwroot/admin.licongying.cn/cmall/vendor/laravel/framework/src/Illuminate/Pipeline/Pipeline.php(104): Illuminate\\Routing\\Pipeline->Illuminate\\Routing\\{closure}(Object(Illuminate\\Http\\Request))
#50 /www/wwwroot/admin.licongying.cn/cmall/vendor/laravel/framework/src/Illuminate/Routing/Router.php(682): Illuminate\\Pipeline\\Pipeline->then(Object(Closure))
#51 /www/wwwroot/admin.licongying.cn/cmall/vendor/laravel/framework/src/Illuminate/Routing/Router.php(657): Illuminate\\Routing\\Router->runRouteWithinStack(Object(Illuminate\\Routing\\Route), Object(Illuminate\\Http\\Request))
#52 /www/wwwroot/admin.licongying.cn/cmall/vendor/laravel/framework/src/Illuminate/Routing/Router.php(623): Illuminate\\Routing\\Router->runRoute(Object(Illuminate\\Http\\Request), Object(Illuminate\\Routing\\Route))
#53 /www/wwwroot/admin.licongying.cn/cmall/vendor/laravel/framework/src/Illuminate/Routing/Router.php(612): Illuminate\\Routing\\Router->dispatchToRoute(Object(Illuminate\\Http\\Request))
#54 /www/wwwroot/admin.licongying.cn/cmall/vendor/laravel/framework/src/Illuminate/Foundation/Http/Kernel.php(176): Illuminate\\Routing\\Router->dispatch(Object(Illuminate\\Http\\Request))
#55 /www/wwwroot/admin.licongying.cn/cmall/vendor/laravel/framework/src/Illuminate/Routing/Pipeline.php(30): Illuminate\\Foundation\\Http\\Kernel->Illuminate\\Foundation\\Http\\{closure}(Object(Illuminate\\Http\\Request))
#56 /www/wwwroot/admin.licongying.cn/cmall/vendor/fideloper/proxy/src/TrustProxies.php(57): Illuminate\\Routing\\Pipeline->Illuminate\\Routing\\{closure}(Object(Illuminate\\Http\\Request))
#57 /www/wwwroot/admin.licongying.cn/cmall/vendor/laravel/framework/src/Illuminate/Pipeline/Pipeline.php(163): Fideloper\\Proxy\\TrustProxies->handle(Object(Illuminate\\Http\\Request), Object(Closure))
#58 /www/wwwroot/admin.licongying.cn/cmall/vendor/laravel/framework/src/Illuminate/Routing/Pipeline.php(53): Illuminate\\Pipeline\\Pipeline->Illuminate\\Pipeline\\{closure}(Object(Illuminate\\Http\\Request))
#59 /www/wwwroot/admin.licongying.cn/cmall/vendor/laravel/framework/src/Illuminate/Foundation/Http/Middleware/TransformsRequest.php(21): Illuminate\\Routing\\Pipeline->Illuminate\\Routing\\{closure}(Object(Illuminate\\Http\\Request))
#60 /www/wwwroot/admin.licongying.cn/cmall/vendor/laravel/framework/src/Illuminate/Pipeline/Pipeline.php(163): Illuminate\\Foundation\\Http\\Middleware\\TransformsRequest->handle(Object(Illuminate\\Http\\Request), Object(Closure))
#61 /www/wwwroot/admin.licongying.cn/cmall/vendor/laravel/framework/src/Illuminate/Routing/Pipeline.php(53): Illuminate\\Pipeline\\Pipeline->Illuminate\\Pipeline\\{closure}(Object(Illuminate\\Http\\Request))
#62 /www/wwwroot/admin.licongying.cn/cmall/vendor/laravel/framework/src/Illuminate/Foundation/Http/Middleware/TransformsRequest.php(21): Illuminate\\Routing\\Pipeline->Illuminate\\Routing\\{closure}(Object(Illuminate\\Http\\Request))
#63 /www/wwwroot/admin.licongying.cn/cmall/vendor/laravel/framework/src/Illuminate/Pipeline/Pipeline.php(163): Illuminate\\Foundation\\Http\\Middleware\\TransformsRequest->handle(Object(Illuminate\\Http\\Request), Object(Closure))
#64 /www/wwwroot/admin.licongying.cn/cmall/vendor/laravel/framework/src/Illuminate/Routing/Pipeline.php(53): Illuminate\\Pipeline\\Pipeline->Illuminate\\Pipeline\\{closure}(Object(Illuminate\\Http\\Request))
#65 /www/wwwroot/admin.licongying.cn/cmall/vendor/laravel/framework/src/Illuminate/Foundation/Http/Middleware/ValidatePostSize.php(27): Illuminate\\Routing\\Pipeline->Illuminate\\Routing\\{closure}(Object(Illuminate\\Http\\Request))
#66 /www/wwwroot/admin.licongying.cn/cmall/vendor/laravel/framework/src/Illuminate/Pipeline/Pipeline.php(163): Illuminate\\Foundation\\Http\\Middleware\\ValidatePostSize->handle(Object(Illuminate\\Http\\Request), Object(Closure))
#67 /www/wwwroot/admin.licongying.cn/cmall/vendor/laravel/framework/src/Illuminate/Routing/Pipeline.php(53): Illuminate\\Pipeline\\Pipeline->Illuminate\\Pipeline\\{closure}(Object(Illuminate\\Http\\Request))
#68 /www/wwwroot/admin.licongying.cn/cmall/vendor/laravel/framework/src/Illuminate/Foundation/Http/Middleware/CheckForMaintenanceMode.php(62): Illuminate\\Routing\\Pipeline->Illuminate\\Routing\\{closure}(Object(Illuminate\\Http\\Request))
#69 /www/wwwroot/admin.licongying.cn/cmall/vendor/laravel/framework/src/Illuminate/Pipeline/Pipeline.php(163): Illuminate\\Foundation\\Http\\Middleware\\CheckForMaintenanceMode->handle(Object(Illuminate\\Http\\Request), Object(Closure))
#70 /www/wwwroot/admin.licongying.cn/cmall/vendor/laravel/framework/src/Illuminate/Routing/Pipeline.php(53): Illuminate\\Pipeline\\Pipeline->Illuminate\\Pipeline\\{closure}(Object(Illuminate\\Http\\Request))
#71 /www/wwwroot/admin.licongying.cn/cmall/vendor/laravel/framework/src/Illuminate/Pipeline/Pipeline.php(104): Illuminate\\Routing\\Pipeline->Illuminate\\Routing\\{closure}(Object(Illuminate\\Http\\Request))
#72 /www/wwwroot/admin.licongying.cn/cmall/vendor/laravel/framework/src/Illuminate/Foundation/Http/Kernel.php(151): Illuminate\\Pipeline\\Pipeline->then(Object(Closure))
#73 /www/wwwroot/admin.licongying.cn/cmall/vendor/laravel/framework/src/Illuminate/Foundation/Http/Kernel.php(116): Illuminate\\Foundation\\Http\\Kernel->sendRequestThroughRouter(Object(Illuminate\\Http\\Request))
#74 /www/wwwroot/admin.licongying.cn/cmall/public/index.php(55): Illuminate\\Foundation\\Http\\Kernel->handle(Object(Illuminate\\Http\\Request))
#75 {main}
"} 
[2019-06-11 10:42:42] local.ERROR: Driver [admin] is not supported. {"exception":"[object] (InvalidArgumentException(code: 0): Driver [admin] is not supported. at /www/wwwroot/admin.licongying.cn/cmall/vendor/laravel/framework/src/Illuminate/Filesystem/FilesystemManager.php:127)
[stacktrace]
#0 /www/wwwroot/admin.licongying.cn/cmall/vendor/laravel/framework/src/Illuminate/Filesystem/FilesystemManager.php(103): Illuminate\\Filesystem\\FilesystemManager->resolve('admin')
#1 /www/wwwroot/admin.licongying.cn/cmall/vendor/laravel/framework/src/Illuminate/Filesystem/FilesystemManager.php(80): Illuminate\\Filesystem\\FilesystemManager->get('admin')
#2 /www/wwwroot/admin.licongying.cn/cmall/vendor/laravel/framework/src/Illuminate/Support/Facades/Facade.php(237): Illuminate\\Filesystem\\FilesystemManager->disk('admin')
#3 /www/wwwroot/admin.licongying.cn/cmall/vendor/encore/laravel-admin/src/Form/Field/UploadField.php(176): Illuminate\\Support\\Facades\\Facade::__callStatic('disk', Array)
#4 /www/wwwroot/admin.licongying.cn/cmall/vendor/encore/laravel-admin/src/Form/Field/UploadField.php(78): Encore\\Admin\\Form\\Field\\File->disk('admin')
#5 /www/wwwroot/admin.licongying.cn/cmall/vendor/encore/laravel-admin/src/Form/Field/File.php(40): Encore\\Admin\\Form\\Field\\File->initStorage()
#6 /www/wwwroot/admin.licongying.cn/cmall/vendor/encore/laravel-admin/src/Form.php(1617): Encore\\Admin\\Form\\Field\\File->__construct('avatar', Array)
#7 /www/wwwroot/admin.licongying.cn/cmall/vendor/encore/laravel-admin/src/Controllers/UserController.php(101): Encore\\Admin\\Form->__call('image', Array)
#8 /www/wwwroot/admin.licongying.cn/cmall/vendor/encore/laravel-admin/src/Controllers/AdminController.php(100): Encore\\Admin\\Controllers\\UserController->form()
#9 [internal function]: Encore\\Admin\\Controllers\\AdminController->create(Object(Encore\\Admin\\Layout\\Content))
#10 /www/wwwroot/admin.licongying.cn/cmall/vendor/laravel/framework/src/Illuminate/Routing/Controller.php(54): call_user_func_array(Array, Array)
#11 /www/wwwroot/admin.licongying.cn/cmall/vendor/laravel/framework/src/Illuminate/Routing/ControllerDispatcher.php(45): Illuminate\\Routing\\Controller->callAction('create', Array)
#12 /www/wwwroot/admin.licongying.cn/cmall/vendor/laravel/framework/src/Illuminate/Routing/Route.php(219): Illuminate\\Routing\\ControllerDispatcher->dispatch(Object(Illuminate\\Routing\\Route), Object(Encore\\Admin\\Controllers\\UserController), 'create')
#13 /www/wwwroot/admin.licongying.cn/cmall/vendor/laravel/framework/src/Illuminate/Routing/Route.php(176): Illuminate\\Routing\\Route->runController()
#14 /www/wwwroot/admin.licongying.cn/cmall/vendor/laravel/framework/src/Illuminate/Routing/Router.php(680): Illuminate\\Routing\\Route->run()
#15 /www/wwwroot/admin.licongying.cn/cmall/vendor/laravel/framework/src/Illuminate/Routing/Pipeline.php(30): Illuminate\\Routing\\Router->Illuminate\\Routing\\{closure}(Object(Illuminate\\Http\\Request))
#16 /www/wwwroot/admin.licongying.cn/cmall/vendor/encore/laravel-admin/src/Middleware/Permission.php(42): Illuminate\\Routing\\Pipeline->Illuminate\\Routing\\{closure}(Object(Illuminate\\Http\\Request))
#17 /www/wwwroot/admin.licongying.cn/cmall/vendor/laravel/framework/src/Illuminate/Pipeline/Pipeline.php(163): Encore\\Admin\\Middleware\\Permission->handle(Object(Illuminate\\Http\\Request), Object(Closure))
#18 /www/wwwroot/admin.licongying.cn/cmall/vendor/laravel/framework/src/Illuminate/Routing/Pipeline.php(53): Illuminate\\Pipeline\\Pipeline->Illuminate\\Pipeline\\{closure}(Object(Illuminate\\Http\\Request))
#19 /www/wwwroot/admin.licongying.cn/cmall/vendor/encore/laravel-admin/src/Middleware/Bootstrap.php(15): Illuminate\\Routing\\Pipeline->Illuminate\\Routing\\{closure}(Object(Illuminate\\Http\\Request))
#20 /www/wwwroot/admin.licongying.cn/cmall/vendor/laravel/framework/src/Illuminate/Pipeline/Pipeline.php(163): Encore\\Admin\\Middleware\\Bootstrap->handle(Object(Illuminate\\Http\\Request), Object(Closure))
#21 /www/wwwroot/admin.licongying.cn/cmall/vendor/laravel/framework/src/Illuminate/Routing/Pipeline.php(53): Illuminate\\Pipeline\\Pipeline->Illuminate\\Pipeline\\{closure}(Object(Illuminate\\Http\\Request))
#22 /www/wwwroot/admin.licongying.cn/cmall/vendor/encore/laravel-admin/src/Middleware/LogOperation.php(38): Illuminate\\Routing\\Pipeline->Illuminate\\Routing\\{closure}(Object(Illuminate\\Http\\Request))
#23 /www/wwwroot/admin.licongying.cn/cmall/vendor/laravel/framework/src/Illuminate/Pipeline/Pipeline.php(163): Encore\\Admin\\Middleware\\LogOperation->handle(Object(Illuminate\\Http\\Request), Object(Closure))
#24 /www/wwwroot/admin.licongying.cn/cmall/vendor/laravel/framework/src/Illuminate/Routing/Pipeline.php(53): Illuminate\\Pipeline\\Pipeline->Illuminate\\Pipeline\\{closure}(Object(Illuminate\\Http\\Request))
#25 /www/wwwroot/admin.licongying.cn/cmall/vendor/encore/laravel-admin/src/Middleware/Pjax.php(24): Illuminate\\Routing\\Pipeline->Illuminate\\Routing\\{closure}(Object(Illuminate\\Http\\Request))
#26 /www/wwwroot/admin.licongying.cn/cmall/vendor/laravel/framework/src/Illuminate/Pipeline/Pipeline.php(163): Encore\\Admin\\Middleware\\Pjax->handle(Object(Illuminate\\Http\\Request), Object(Closure))
#27 /www/wwwroot/admin.licongying.cn/cmall/vendor/laravel/framework/src/Illuminate/Routing/Pipeline.php(53): Illuminate\\Pipeline\\Pipeline->Illuminate\\Pipeline\\{closure}(Object(Illuminate\\Http\\Request))
#28 /www/wwwroot/admin.licongying.cn/cmall/vendor/encore/laravel-admin/src/Middleware/Authenticate.php(27): Illuminate\\Routing\\Pipeline->Illuminate\\Routing\\{closure}(Object(Illuminate\\Http\\Request))
#29 /www/wwwroot/admin.licongying.cn/cmall/vendor/laravel/framework/src/Illuminate/Pipeline/Pipeline.php(163): Encore\\Admin\\Middleware\\Authenticate->handle(Object(Illuminate\\Http\\Request), Object(Closure))
#30 /www/wwwroot/admin.licongying.cn/cmall/vendor/laravel/framework/src/Illuminate/Routing/Pipeline.php(53): Illuminate\\Pipeline\\Pipeline->Illuminate\\Pipeline\\{closure}(Object(Illuminate\\Http\\Request))
#31 /www/wwwroot/admin.licongying.cn/cmall/vendor/laravel/framework/src/Illuminate/Routing/Middleware/SubstituteBindings.php(41): Illuminate\\Routing\\Pipeline->Illuminate\\Routing\\{closure}(Object(Illuminate\\Http\\Request))
#32 /www/wwwroot/admin.licongying.cn/cmall/vendor/laravel/framework/src/Illuminate/Pipeline/Pipeline.php(163): Illuminate\\Routing\\Middleware\\SubstituteBindings->handle(Object(Illuminate\\Http\\Request), Object(Closure))
#33 /www/wwwroot/admin.licongying.cn/cmall/vendor/laravel/framework/src/Illuminate/Routing/Pipeline.php(53): Illuminate\\Pipeline\\Pipeline->Illuminate\\Pipeline\\{closure}(Object(Illuminate\\Http\\Request))
#34 /www/wwwroot/admin.licongying.cn/cmall/vendor/laravel/framework/src/Illuminate/Foundation/Http/Middleware/VerifyCsrfToken.php(75): Illuminate\\Routing\\Pipeline->Illuminate\\Routing\\{closure}(Object(Illuminate\\Http\\Request))
#35 /www/wwwroot/admin.licongying.cn/cmall/vendor/laravel/framework/src/Illuminate/Pipeline/Pipeline.php(163): Illuminate\\Foundation\\Http\\Middleware\\VerifyCsrfToken->handle(Object(Illuminate\\Http\\Request), Object(Closure))
#36 /www/wwwroot/admin.licongying.cn/cmall/vendor/laravel/framework/src/Illuminate/Routing/Pipeline.php(53): Illuminate\\Pipeline\\Pipeline->Illuminate\\Pipeline\\{closure}(Object(Illuminate\\Http\\Request))
#37 /www/wwwroot/admin.licongying.cn/cmall/vendor/laravel/framework/src/Illuminate/View/Middleware/ShareErrorsFromSession.php(49): Illuminate\\Routing\\Pipeline->Illuminate\\Routing\\{closure}(Object(Illuminate\\Http\\Request))
#38 /www/wwwroot/admin.licongying.cn/cmall/vendor/laravel/framework/src/Illuminate/Pipeline/Pipeline.php(163): Illuminate\\View\\Middleware\\ShareErrorsFromSession->handle(Object(Illuminate\\Http\\Request), Object(Closure))
#39 /www/wwwroot/admin.licongying.cn/cmall/vendor/laravel/framework/src/Illuminate/Routing/Pipeline.php(53): Illuminate\\Pipeline\\Pipeline->Illuminate\\Pipeline\\{closure}(Object(Illuminate\\Http\\Request))
#40 /www/wwwroot/admin.licongying.cn/cmall/vendor/laravel/framework/src/Illuminate/Session/Middleware/StartSession.php(56): Illuminate\\Routing\\Pipeline->Illuminate\\Routing\\{closure}(Object(Illuminate\\Http\\Request))
#41 /www/wwwroot/admin.licongying.cn/cmall/vendor/laravel/framework/src/Illuminate/Pipeline/Pipeline.php(163): Illuminate\\Session\\Middleware\\StartSession->handle(Object(Illuminate\\Http\\Request), Object(Closure))
#42 /www/wwwroot/admin.licongying.cn/cmall/vendor/laravel/framework/src/Illuminate/Routing/Pipeline.php(53): Illuminate\\Pipeline\\Pipeline->Illuminate\\Pipeline\\{closure}(Object(Illuminate\\Http\\Request))
#43 /www/wwwroot/admin.licongying.cn/cmall/vendor/laravel/framework/src/Illuminate/Cookie/Middleware/AddQueuedCookiesToResponse.php(37): Illuminate\\Routing\\Pipeline->Illuminate\\Routing\\{closure}(Object(Illuminate\\Http\\Request))
#44 /www/wwwroot/admin.licongying.cn/cmall/vendor/laravel/framework/src/Illuminate/Pipeline/Pipeline.php(163): Illuminate\\Cookie\\Middleware\\AddQueuedCookiesToResponse->handle(Object(Illuminate\\Http\\Request), Object(Closure))
#45 /www/wwwroot/admin.licongying.cn/cmall/vendor/laravel/framework/src/Illuminate/Routing/Pipeline.php(53): Illuminate\\Pipeline\\Pipeline->Illuminate\\Pipeline\\{closure}(Object(Illuminate\\Http\\Request))
#46 /www/wwwroot/admin.licongying.cn/cmall/vendor/laravel/framework/src/Illuminate/Cookie/Middleware/EncryptCookies.php(66): Illuminate\\Routing\\Pipeline->Illuminate\\Routing\\{closure}(Object(Illuminate\\Http\\Request))
#47 /www/wwwroot/admin.licongying.cn/cmall/vendor/laravel/framework/src/Illuminate/Pipeline/Pipeline.php(163): Illuminate\\Cookie\\Middleware\\EncryptCookies->handle(Object(Illuminate\\Http\\Request), Object(Closure))
#48 /www/wwwroot/admin.licongying.cn/cmall/vendor/laravel/framework/src/Illuminate/Routing/Pipeline.php(53): Illuminate\\Pipeline\\Pipeline->Illuminate\\Pipeline\\{closure}(Object(Illuminate\\Http\\Request))
#49 /www/wwwroot/admin.licongying.cn/cmall/vendor/laravel/framework/src/Illuminate/Pipeline/Pipeline.php(104): Illuminate\\Routing\\Pipeline->Illuminate\\Routing\\{closure}(Object(Illuminate\\Http\\Request))
#50 /www/wwwroot/admin.licongying.cn/cmall/vendor/laravel/framework/src/Illuminate/Routing/Router.php(682): Illuminate\\Pipeline\\Pipeline->then(Object(Closure))
#51 /www/wwwroot/admin.licongying.cn/cmall/vendor/laravel/framework/src/Illuminate/Routing/Router.php(657): Illuminate\\Routing\\Router->runRouteWithinStack(Object(Illuminate\\Routing\\Route), Object(Illuminate\\Http\\Request))
#52 /www/wwwroot/admin.licongying.cn/cmall/vendor/laravel/framework/src/Illuminate/Routing/Router.php(623): Illuminate\\Routing\\Router->runRoute(Object(Illuminate\\Http\\Request), Object(Illuminate\\Routing\\Route))
#53 /www/wwwroot/admin.licongying.cn/cmall/vendor/laravel/framework/src/Illuminate/Routing/Router.php(612): Illuminate\\Routing\\Router->dispatchToRoute(Object(Illuminate\\Http\\Request))
#54 /www/wwwroot/admin.licongying.cn/cmall/vendor/laravel/framework/src/Illuminate/Foundation/Http/Kernel.php(176): Illuminate\\Routing\\Router->dispatch(Object(Illuminate\\Http\\Request))
#55 /www/wwwroot/admin.licongying.cn/cmall/vendor/laravel/framework/src/Illuminate/Routing/Pipeline.php(30): Illuminate\\Foundation\\Http\\Kernel->Illuminate\\Foundation\\Http\\{closure}(Object(Illuminate\\Http\\Request))
#56 /www/wwwroot/admin.licongying.cn/cmall/vendor/fideloper/proxy/src/TrustProxies.php(57): Illuminate\\Routing\\Pipeline->Illuminate\\Routing\\{closure}(Object(Illuminate\\Http\\Request))
#57 /www/wwwroot/admin.licongying.cn/cmall/vendor/laravel/framework/src/Illuminate/Pipeline/Pipeline.php(163): Fideloper\\Proxy\\TrustProxies->handle(Object(Illuminate\\Http\\Request), Object(Closure))
#58 /www/wwwroot/admin.licongying.cn/cmall/vendor/laravel/framework/src/Illuminate/Routing/Pipeline.php(53): Illuminate\\Pipeline\\Pipeline->Illuminate\\Pipeline\\{closure}(Object(Illuminate\\Http\\Request))
#59 /www/wwwroot/admin.licongying.cn/cmall/vendor/laravel/framework/src/Illuminate/Foundation/Http/Middleware/TransformsRequest.php(21): Illuminate\\Routing\\Pipeline->Illuminate\\Routing\\{closure}(Object(Illuminate\\Http\\Request))
#60 /www/wwwroot/admin.licongying.cn/cmall/vendor/laravel/framework/src/Illuminate/Pipeline/Pipeline.php(163): Illuminate\\Foundation\\Http\\Middleware\\TransformsRequest->handle(Object(Illuminate\\Http\\Request), Object(Closure))
#61 /www/wwwroot/admin.licongying.cn/cmall/vendor/laravel/framework/src/Illuminate/Routing/Pipeline.php(53): Illuminate\\Pipeline\\Pipeline->Illuminate\\Pipeline\\{closure}(Object(Illuminate\\Http\\Request))
#62 /www/wwwroot/admin.licongying.cn/cmall/vendor/laravel/framework/src/Illuminate/Foundation/Http/Middleware/TransformsRequest.php(21): Illuminate\\Routing\\Pipeline->Illuminate\\Routing\\{closure}(Object(Illuminate\\Http\\Request))
#63 /www/wwwroot/admin.licongying.cn/cmall/vendor/laravel/framework/src/Illuminate/Pipeline/Pipeline.php(163): Illuminate\\Foundation\\Http\\Middleware\\TransformsRequest->handle(Object(Illuminate\\Http\\Request), Object(Closure))
#64 /www/wwwroot/admin.licongying.cn/cmall/vendor/laravel/framework/src/Illuminate/Routing/Pipeline.php(53): Illuminate\\Pipeline\\Pipeline->Illuminate\\Pipeline\\{closure}(Object(Illuminate\\Http\\Request))
#65 /www/wwwroot/admin.licongying.cn/cmall/vendor/laravel/framework/src/Illuminate/Foundation/Http/Middleware/ValidatePostSize.php(27): Illuminate\\Routing\\Pipeline->Illuminate\\Routing\\{closure}(Object(Illuminate\\Http\\Request))
#66 /www/wwwroot/admin.licongying.cn/cmall/vendor/laravel/framework/src/Illuminate/Pipeline/Pipeline.php(163): Illuminate\\Foundation\\Http\\Middleware\\ValidatePostSize->handle(Object(Illuminate\\Http\\Request), Object(Closure))
#67 /www/wwwroot/admin.licongying.cn/cmall/vendor/laravel/framework/src/Illuminate/Routing/Pipeline.php(53): Illuminate\\Pipeline\\Pipeline->Illuminate\\Pipeline\\{closure}(Object(Illuminate\\Http\\Request))
#68 /www/wwwroot/admin.licongying.cn/cmall/vendor/laravel/framework/src/Illuminate/Foundation/Http/Middleware/CheckForMaintenanceMode.php(62): Illuminate\\Routing\\Pipeline->Illuminate\\Routing\\{closure}(Object(Illuminate\\Http\\Request))
#69 /www/wwwroot/admin.licongying.cn/cmall/vendor/laravel/framework/src/Illuminate/Pipeline/Pipeline.php(163): Illuminate\\Foundation\\Http\\Middleware\\CheckForMaintenanceMode->handle(Object(Illuminate\\Http\\Request), Object(Closure))
#70 /www/wwwroot/admin.licongying.cn/cmall/vendor/laravel/framework/src/Illuminate/Routing/Pipeline.php(53): Illuminate\\Pipeline\\Pipeline->Illuminate\\Pipeline\\{closure}(Object(Illuminate\\Http\\Request))
#71 /www/wwwroot/admin.licongying.cn/cmall/vendor/laravel/framework/src/Illuminate/Pipeline/Pipeline.php(104): Illuminate\\Routing\\Pipeline->Illuminate\\Routing\\{closure}(Object(Illuminate\\Http\\Request))
#72 /www/wwwroot/admin.licongying.cn/cmall/vendor/laravel/framework/src/Illuminate/Foundation/Http/Kernel.php(151): Illuminate\\Pipeline\\Pipeline->then(Object(Closure))
#73 /www/wwwroot/admin.licongying.cn/cmall/vendor/laravel/framework/src/Illuminate/Foundation/Http/Kernel.php(116): Illuminate\\Foundation\\Http\\Kernel->sendRequestThroughRouter(Object(Illuminate\\Http\\Request))
#74 /www/wwwroot/admin.licongying.cn/cmall/public/index.php(55): Illuminate\\Foundation\\Http\\Kernel->handle(Object(Illuminate\\Http\\Request))
#75 {main}
"} 
[2019-06-11 10:49:33] local.ERROR: Impossible to create the root directory "/www/wwwroot/admin.licongying.cn/cmall/public/uploads".  {"exception":"[object] (League\\Flysystem\\Exception(code: 0): Impossible to create the root directory \"/www/wwwroot/admin.licongying.cn/cmall/public/uploads\".  at /www/wwwroot/admin.licongying.cn/cmall/vendor/league/flysystem/src/Adapter/Local.php:113)
[stacktrace]
#0 /www/wwwroot/admin.licongying.cn/cmall/vendor/league/flysystem/src/Adapter/Local.php(79): League\\Flysystem\\Adapter\\Local->ensureDirectory('/www/wwwroot/ad...')
#1 /www/wwwroot/admin.licongying.cn/cmall/vendor/laravel/framework/src/Illuminate/Filesystem/FilesystemManager.php(163): League\\Flysystem\\Adapter\\Local->__construct('/www/wwwroot/ad...', 2, 2, Array)
#2 /www/wwwroot/admin.licongying.cn/cmall/vendor/laravel/framework/src/Illuminate/Filesystem/FilesystemManager.php(125): Illuminate\\Filesystem\\FilesystemManager->createLocalDriver(Array)
#3 /www/wwwroot/admin.licongying.cn/cmall/vendor/laravel/framework/src/Illuminate/Filesystem/FilesystemManager.php(103): Illuminate\\Filesystem\\FilesystemManager->resolve('admin')
#4 /www/wwwroot/admin.licongying.cn/cmall/vendor/laravel/framework/src/Illuminate/Filesystem/FilesystemManager.php(80): Illuminate\\Filesystem\\FilesystemManager->get('admin')
#5 /www/wwwroot/admin.licongying.cn/cmall/vendor/laravel/framework/src/Illuminate/Support/Facades/Facade.php(237): Illuminate\\Filesystem\\FilesystemManager->disk('admin')
#6 /www/wwwroot/admin.licongying.cn/cmall/vendor/encore/laravel-admin/src/Form/Field/UploadField.php(176): Illuminate\\Support\\Facades\\Facade::__callStatic('disk', Array)
#7 /www/wwwroot/admin.licongying.cn/cmall/vendor/encore/laravel-admin/src/Form/Field/UploadField.php(78): Encore\\Admin\\Form\\Field\\File->disk('admin')
#8 /www/wwwroot/admin.licongying.cn/cmall/vendor/encore/laravel-admin/src/Form/Field/File.php(40): Encore\\Admin\\Form\\Field\\File->initStorage()
#9 /www/wwwroot/admin.licongying.cn/cmall/vendor/encore/laravel-admin/src/Form.php(1617): Encore\\Admin\\Form\\Field\\File->__construct('avatar', Array)
#10 /www/wwwroot/admin.licongying.cn/cmall/vendor/encore/laravel-admin/src/Controllers/UserController.php(101): Encore\\Admin\\Form->__call('image', Array)
#11 /www/wwwroot/admin.licongying.cn/cmall/vendor/encore/laravel-admin/src/Controllers/AdminController.php(85): Encore\\Admin\\Controllers\\UserController->form()
#12 [internal function]: Encore\\Admin\\Controllers\\AdminController->edit('1', Object(Encore\\Admin\\Layout\\Content))
#13 /www/wwwroot/admin.licongying.cn/cmall/vendor/laravel/framework/src/Illuminate/Routing/Controller.php(54): call_user_func_array(Array, Array)
#14 /www/wwwroot/admin.licongying.cn/cmall/vendor/laravel/framework/src/Illuminate/Routing/ControllerDispatcher.php(45): Illuminate\\Routing\\Controller->callAction('edit', Array)
#15 /www/wwwroot/admin.licongying.cn/cmall/vendor/laravel/framework/src/Illuminate/Routing/Route.php(219): Illuminate\\Routing\\ControllerDispatcher->dispatch(Object(Illuminate\\Routing\\Route), Object(Encore\\Admin\\Controllers\\UserController), 'edit')
#16 /www/wwwroot/admin.licongying.cn/cmall/vendor/laravel/framework/src/Illuminate/Routing/Route.php(176): Illuminate\\Routing\\Route->runController()
#17 /www/wwwroot/admin.licongying.cn/cmall/vendor/laravel/framework/src/Illuminate/Routing/Router.php(680): Illuminate\\Routing\\Route->run()
#18 /www/wwwroot/admin.licongying.cn/cmall/vendor/laravel/framework/src/Illuminate/Routing/Pipeline.php(30): Illuminate\\Routing\\Router->Illuminate\\Routing\\{closure}(Object(Illuminate\\Http\\Request))
#19 /www/wwwroot/admin.licongying.cn/cmall/vendor/encore/laravel-admin/src/Middleware/Permission.php(42): Illuminate\\Routing\\Pipeline->Illuminate\\Routing\\{closure}(Object(Illuminate\\Http\\Request))
#20 /www/wwwroot/admin.licongying.cn/cmall/vendor/laravel/framework/src/Illuminate/Pipeline/Pipeline.php(163): Encore\\Admin\\Middleware\\Permission->handle(Object(Illuminate\\Http\\Request), Object(Closure))
#21 /www/wwwroot/admin.licongying.cn/cmall/vendor/laravel/framework/src/Illuminate/Routing/Pipeline.php(53): Illuminate\\Pipeline\\Pipeline->Illuminate\\Pipeline\\{closure}(Object(Illuminate\\Http\\Request))
#22 /www/wwwroot/admin.licongying.cn/cmall/vendor/encore/laravel-admin/src/Middleware/Bootstrap.php(15): Illuminate\\Routing\\Pipeline->Illuminate\\Routing\\{closure}(Object(Illuminate\\Http\\Request))
#23 /www/wwwroot/admin.licongying.cn/cmall/vendor/laravel/framework/src/Illuminate/Pipeline/Pipeline.php(163): Encore\\Admin\\Middleware\\Bootstrap->handle(Object(Illuminate\\Http\\Request), Object(Closure))
#24 /www/wwwroot/admin.licongying.cn/cmall/vendor/laravel/framework/src/Illuminate/Routing/Pipeline.php(53): Illuminate\\Pipeline\\Pipeline->Illuminate\\Pipeline\\{closure}(Object(Illuminate\\Http\\Request))
#25 /www/wwwroot/admin.licongying.cn/cmall/vendor/encore/laravel-admin/src/Middleware/LogOperation.php(38): Illuminate\\Routing\\Pipeline->Illuminate\\Routing\\{closure}(Object(Illuminate\\Http\\Request))
#26 /www/wwwroot/admin.licongying.cn/cmall/vendor/laravel/framework/src/Illuminate/Pipeline/Pipeline.php(163): Encore\\Admin\\Middleware\\LogOperation->handle(Object(Illuminate\\Http\\Request), Object(Closure))
#27 /www/wwwroot/admin.licongying.cn/cmall/vendor/laravel/framework/src/Illuminate/Routing/Pipeline.php(53): Illuminate\\Pipeline\\Pipeline->Illuminate\\Pipeline\\{closure}(Object(Illuminate\\Http\\Request))
#28 /www/wwwroot/admin.licongying.cn/cmall/vendor/encore/laravel-admin/src/Middleware/Pjax.php(24): Illuminate\\Routing\\Pipeline->Illuminate\\Routing\\{closure}(Object(Illuminate\\Http\\Request))
#29 /www/wwwroot/admin.licongying.cn/cmall/vendor/laravel/framework/src/Illuminate/Pipeline/Pipeline.php(163): Encore\\Admin\\Middleware\\Pjax->handle(Object(Illuminate\\Http\\Request), Object(Closure))
#30 /www/wwwroot/admin.licongying.cn/cmall/vendor/laravel/framework/src/Illuminate/Routing/Pipeline.php(53): Illuminate\\Pipeline\\Pipeline->Illuminate\\Pipeline\\{closure}(Object(Illuminate\\Http\\Request))
#31 /www/wwwroot/admin.licongying.cn/cmall/vendor/encore/laravel-admin/src/Middleware/Authenticate.php(27): Illuminate\\Routing\\Pipeline->Illuminate\\Routing\\{closure}(Object(Illuminate\\Http\\Request))
#32 /www/wwwroot/admin.licongying.cn/cmall/vendor/laravel/framework/src/Illuminate/Pipeline/Pipeline.php(163): Encore\\Admin\\Middleware\\Authenticate->handle(Object(Illuminate\\Http\\Request), Object(Closure))
#33 /www/wwwroot/admin.licongying.cn/cmall/vendor/laravel/framework/src/Illuminate/Routing/Pipeline.php(53): Illuminate\\Pipeline\\Pipeline->Illuminate\\Pipeline\\{closure}(Object(Illuminate\\Http\\Request))
#34 /www/wwwroot/admin.licongying.cn/cmall/vendor/laravel/framework/src/Illuminate/Routing/Middleware/SubstituteBindings.php(41): Illuminate\\Routing\\Pipeline->Illuminate\\Routing\\{closure}(Object(Illuminate\\Http\\Request))
#35 /www/wwwroot/admin.licongying.cn/cmall/vendor/laravel/framework/src/Illuminate/Pipeline/Pipeline.php(163): Illuminate\\Routing\\Middleware\\SubstituteBindings->handle(Object(Illuminate\\Http\\Request), Object(Closure))
#36 /www/wwwroot/admin.licongying.cn/cmall/vendor/laravel/framework/src/Illuminate/Routing/Pipeline.php(53): Illuminate\\Pipeline\\Pipeline->Illuminate\\Pipeline\\{closure}(Object(Illuminate\\Http\\Request))
#37 /www/wwwroot/admin.licongying.cn/cmall/vendor/laravel/framework/src/Illuminate/Foundation/Http/Middleware/VerifyCsrfToken.php(75): Illuminate\\Routing\\Pipeline->Illuminate\\Routing\\{closure}(Object(Illuminate\\Http\\Request))
#38 /www/wwwroot/admin.licongying.cn/cmall/vendor/laravel/framework/src/Illuminate/Pipeline/Pipeline.php(163): Illuminate\\Foundation\\Http\\Middleware\\VerifyCsrfToken->handle(Object(Illuminate\\Http\\Request), Object(Closure))
#39 /www/wwwroot/admin.licongying.cn/cmall/vendor/laravel/framework/src/Illuminate/Routing/Pipeline.php(53): Illuminate\\Pipeline\\Pipeline->Illuminate\\Pipeline\\{closure}(Object(Illuminate\\Http\\Request))
#40 /www/wwwroot/admin.licongying.cn/cmall/vendor/laravel/framework/src/Illuminate/View/Middleware/ShareErrorsFromSession.php(49): Illuminate\\Routing\\Pipeline->Illuminate\\Routing\\{closure}(Object(Illuminate\\Http\\Request))
#41 /www/wwwroot/admin.licongying.cn/cmall/vendor/laravel/framework/src/Illuminate/Pipeline/Pipeline.php(163): Illuminate\\View\\Middleware\\ShareErrorsFromSession->handle(Object(Illuminate\\Http\\Request), Object(Closure))
#42 /www/wwwroot/admin.licongying.cn/cmall/vendor/laravel/framework/src/Illuminate/Routing/Pipeline.php(53): Illuminate\\Pipeline\\Pipeline->Illuminate\\Pipeline\\{closure}(Object(Illuminate\\Http\\Request))
#43 /www/wwwroot/admin.licongying.cn/cmall/vendor/laravel/framework/src/Illuminate/Session/Middleware/StartSession.php(56): Illuminate\\Routing\\Pipeline->Illuminate\\Routing\\{closure}(Object(Illuminate\\Http\\Request))
#44 /www/wwwroot/admin.licongying.cn/cmall/vendor/laravel/framework/src/Illuminate/Pipeline/Pipeline.php(163): Illuminate\\Session\\Middleware\\StartSession->handle(Object(Illuminate\\Http\\Request), Object(Closure))
#45 /www/wwwroot/admin.licongying.cn/cmall/vendor/laravel/framework/src/Illuminate/Routing/Pipeline.php(53): Illuminate\\Pipeline\\Pipeline->Illuminate\\Pipeline\\{closure}(Object(Illuminate\\Http\\Request))
#46 /www/wwwroot/admin.licongying.cn/cmall/vendor/laravel/framework/src/Illuminate/Cookie/Middleware/AddQueuedCookiesToResponse.php(37): Illuminate\\Routing\\Pipeline->Illuminate\\Routing\\{closure}(Object(Illuminate\\Http\\Request))
#47 /www/wwwroot/admin.licongying.cn/cmall/vendor/laravel/framework/src/Illuminate/Pipeline/Pipeline.php(163): Illuminate\\Cookie\\Middleware\\AddQueuedCookiesToResponse->handle(Object(Illuminate\\Http\\Request), Object(Closure))
#48 /www/wwwroot/admin.licongying.cn/cmall/vendor/laravel/framework/src/Illuminate/Routing/Pipeline.php(53): Illuminate\\Pipeline\\Pipeline->Illuminate\\Pipeline\\{closure}(Object(Illuminate\\Http\\Request))
#49 /www/wwwroot/admin.licongying.cn/cmall/vendor/laravel/framework/src/Illuminate/Cookie/Middleware/EncryptCookies.php(66): Illuminate\\Routing\\Pipeline->Illuminate\\Routing\\{closure}(Object(Illuminate\\Http\\Request))
#50 /www/wwwroot/admin.licongying.cn/cmall/vendor/laravel/framework/src/Illuminate/Pipeline/Pipeline.php(163): Illuminate\\Cookie\\Middleware\\EncryptCookies->handle(Object(Illuminate\\Http\\Request), Object(Closure))
#51 /www/wwwroot/admin.licongying.cn/cmall/vendor/laravel/framework/src/Illuminate/Routing/Pipeline.php(53): Illuminate\\Pipeline\\Pipeline->Illuminate\\Pipeline\\{closure}(Object(Illuminate\\Http\\Request))
#52 /www/wwwroot/admin.licongying.cn/cmall/vendor/laravel/framework/src/Illuminate/Pipeline/Pipeline.php(104): Illuminate\\Routing\\Pipeline->Illuminate\\Routing\\{closure}(Object(Illuminate\\Http\\Request))
#53 /www/wwwroot/admin.licongying.cn/cmall/vendor/laravel/framework/src/Illuminate/Routing/Router.php(682): Illuminate\\Pipeline\\Pipeline->then(Object(Closure))
#54 /www/wwwroot/admin.licongying.cn/cmall/vendor/laravel/framework/src/Illuminate/Routing/Router.php(657): Illuminate\\Routing\\Router->runRouteWithinStack(Object(Illuminate\\Routing\\Route), Object(Illuminate\\Http\\Request))
#55 /www/wwwroot/admin.licongying.cn/cmall/vendor/laravel/framework/src/Illuminate/Routing/Router.php(623): Illuminate\\Routing\\Router->runRoute(Object(Illuminate\\Http\\Request), Object(Illuminate\\Routing\\Route))
#56 /www/wwwroot/admin.licongying.cn/cmall/vendor/laravel/framework/src/Illuminate/Routing/Router.php(612): Illuminate\\Routing\\Router->dispatchToRoute(Object(Illuminate\\Http\\Request))
#57 /www/wwwroot/admin.licongying.cn/cmall/vendor/laravel/framework/src/Illuminate/Foundation/Http/Kernel.php(176): Illuminate\\Routing\\Router->dispatch(Object(Illuminate\\Http\\Request))
#58 /www/wwwroot/admin.licongying.cn/cmall/vendor/laravel/framework/src/Illuminate/Routing/Pipeline.php(30): Illuminate\\Foundation\\Http\\Kernel->Illuminate\\Foundation\\Http\\{closure}(Object(Illuminate\\Http\\Request))
#59 /www/wwwroot/admin.licongying.cn/cmall/vendor/fideloper/proxy/src/TrustProxies.php(57): Illuminate\\Routing\\Pipeline->Illuminate\\Routing\\{closure}(Object(Illuminate\\Http\\Request))
#60 /www/wwwroot/admin.licongying.cn/cmall/vendor/laravel/framework/src/Illuminate/Pipeline/Pipeline.php(163): Fideloper\\Proxy\\TrustProxies->handle(Object(Illuminate\\Http\\Request), Object(Closure))
#61 /www/wwwroot/admin.licongying.cn/cmall/vendor/laravel/framework/src/Illuminate/Routing/Pipeline.php(53): Illuminate\\Pipeline\\Pipeline->Illuminate\\Pipeline\\{closure}(Object(Illuminate\\Http\\Request))
#62 /www/wwwroot/admin.licongying.cn/cmall/vendor/laravel/framework/src/Illuminate/Foundation/Http/Middleware/TransformsRequest.php(21): Illuminate\\Routing\\Pipeline->Illuminate\\Routing\\{closure}(Object(Illuminate\\Http\\Request))
#63 /www/wwwroot/admin.licongying.cn/cmall/vendor/laravel/framework/src/Illuminate/Pipeline/Pipeline.php(163): Illuminate\\Foundation\\Http\\Middleware\\TransformsRequest->handle(Object(Illuminate\\Http\\Request), Object(Closure))
#64 /www/wwwroot/admin.licongying.cn/cmall/vendor/laravel/framework/src/Illuminate/Routing/Pipeline.php(53): Illuminate\\Pipeline\\Pipeline->Illuminate\\Pipeline\\{closure}(Object(Illuminate\\Http\\Request))
#65 /www/wwwroot/admin.licongying.cn/cmall/vendor/laravel/framework/src/Illuminate/Foundation/Http/Middleware/TransformsRequest.php(21): Illuminate\\Routing\\Pipeline->Illuminate\\Routing\\{closure}(Object(Illuminate\\Http\\Request))
#66 /www/wwwroot/admin.licongying.cn/cmall/vendor/laravel/framework/src/Illuminate/Pipeline/Pipeline.php(163): Illuminate\\Foundation\\Http\\Middleware\\TransformsRequest->handle(Object(Illuminate\\Http\\Request), Object(Closure))
#67 /www/wwwroot/admin.licongying.cn/cmall/vendor/laravel/framework/src/Illuminate/Routing/Pipeline.php(53): Illuminate\\Pipeline\\Pipeline->Illuminate\\Pipeline\\{closure}(Object(Illuminate\\Http\\Request))
#68 /www/wwwroot/admin.licongying.cn/cmall/vendor/laravel/framework/src/Illuminate/Foundation/Http/Middleware/ValidatePostSize.php(27): Illuminate\\Routing\\Pipeline->Illuminate\\Routing\\{closure}(Object(Illuminate\\Http\\Request))
#69 /www/wwwroot/admin.licongying.cn/cmall/vendor/laravel/framework/src/Illuminate/Pipeline/Pipeline.php(163): Illuminate\\Foundation\\Http\\Middleware\\ValidatePostSize->handle(Object(Illuminate\\Http\\Request), Object(Closure))
#70 /www/wwwroot/admin.licongying.cn/cmall/vendor/laravel/framework/src/Illuminate/Routing/Pipeline.php(53): Illuminate\\Pipeline\\Pipeline->Illuminate\\Pipeline\\{closure}(Object(Illuminate\\Http\\Request))
#71 /www/wwwroot/admin.licongying.cn/cmall/vendor/laravel/framework/src/Illuminate/Foundation/Http/Middleware/CheckForMaintenanceMode.php(62): Illuminate\\Routing\\Pipeline->Illuminate\\Routing\\{closure}(Object(Illuminate\\Http\\Request))
#72 /www/wwwroot/admin.licongying.cn/cmall/vendor/laravel/framework/src/Illuminate/Pipeline/Pipeline.php(163): Illuminate\\Foundation\\Http\\Middleware\\CheckForMaintenanceMode->handle(Object(Illuminate\\Http\\Request), Object(Closure))
#73 /www/wwwroot/admin.licongying.cn/cmall/vendor/laravel/framework/src/Illuminate/Routing/Pipeline.php(53): Illuminate\\Pipeline\\Pipeline->Illuminate\\Pipeline\\{closure}(Object(Illuminate\\Http\\Request))
#74 /www/wwwroot/admin.licongying.cn/cmall/vendor/laravel/framework/src/Illuminate/Pipeline/Pipeline.php(104): Illuminate\\Routing\\Pipeline->Illuminate\\Routing\\{closure}(Object(Illuminate\\Http\\Request))
#75 /www/wwwroot/admin.licongying.cn/cmall/vendor/laravel/framework/src/Illuminate/Foundation/Http/Kernel.php(151): Illuminate\\Pipeline\\Pipeline->then(Object(Closure))
#76 /www/wwwroot/admin.licongying.cn/cmall/vendor/laravel/framework/src/Illuminate/Foundation/Http/Kernel.php(116): Illuminate\\Foundation\\Http\\Kernel->sendRequestThroughRouter(Object(Illuminate\\Http\\Request))
#77 /www/wwwroot/admin.licongying.cn/cmall/public/index.php(55): Illuminate\\Foundation\\Http\\Kernel->handle(Object(Illuminate\\Http\\Request))
#78 {main}
"} 
[2019-06-11 10:49:39] local.ERROR: Impossible to create the root directory "/www/wwwroot/admin.licongying.cn/cmall/public/uploads".  {"exception":"[object] (League\\Flysystem\\Exception(code: 0): Impossible to create the root directory \"/www/wwwroot/admin.licongying.cn/cmall/public/uploads\".  at /www/wwwroot/admin.licongying.cn/cmall/vendor/league/flysystem/src/Adapter/Local.php:113)
[stacktrace]
#0 /www/wwwroot/admin.licongying.cn/cmall/vendor/league/flysystem/src/Adapter/Local.php(79): League\\Flysystem\\Adapter\\Local->ensureDirectory('/www/wwwroot/ad...')
#1 /www/wwwroot/admin.licongying.cn/cmall/vendor/laravel/framework/src/Illuminate/Filesystem/FilesystemManager.php(163): League\\Flysystem\\Adapter\\Local->__construct('/www/wwwroot/ad...', 2, 2, Array)
#2 /www/wwwroot/admin.licongying.cn/cmall/vendor/laravel/framework/src/Illuminate/Filesystem/FilesystemManager.php(125): Illuminate\\Filesystem\\FilesystemManager->createLocalDriver(Array)
#3 /www/wwwroot/admin.licongying.cn/cmall/vendor/laravel/framework/src/Illuminate/Filesystem/FilesystemManager.php(103): Illuminate\\Filesystem\\FilesystemManager->resolve('admin')
#4 /www/wwwroot/admin.licongying.cn/cmall/vendor/laravel/framework/src/Illuminate/Filesystem/FilesystemManager.php(80): Illuminate\\Filesystem\\FilesystemManager->get('admin')
#5 /www/wwwroot/admin.licongying.cn/cmall/vendor/laravel/framework/src/Illuminate/Support/Facades/Facade.php(237): Illuminate\\Filesystem\\FilesystemManager->disk('admin')
#6 /www/wwwroot/admin.licongying.cn/cmall/vendor/encore/laravel-admin/src/Form/Field/UploadField.php(176): Illuminate\\Support\\Facades\\Facade::__callStatic('disk', Array)
#7 /www/wwwroot/admin.licongying.cn/cmall/vendor/encore/laravel-admin/src/Form/Field/UploadField.php(78): Encore\\Admin\\Form\\Field\\File->disk('admin')
#8 /www/wwwroot/admin.licongying.cn/cmall/vendor/encore/laravel-admin/src/Form/Field/File.php(40): Encore\\Admin\\Form\\Field\\File->initStorage()
#9 /www/wwwroot/admin.licongying.cn/cmall/vendor/encore/laravel-admin/src/Form.php(1617): Encore\\Admin\\Form\\Field\\File->__construct('avatar', Array)
#10 /www/wwwroot/admin.licongying.cn/cmall/vendor/encore/laravel-admin/src/Controllers/UserController.php(101): Encore\\Admin\\Form->__call('image', Array)
#11 /www/wwwroot/admin.licongying.cn/cmall/vendor/encore/laravel-admin/src/Controllers/AdminController.php(85): Encore\\Admin\\Controllers\\UserController->form()
#12 [internal function]: Encore\\Admin\\Controllers\\AdminController->edit('1', Object(Encore\\Admin\\Layout\\Content))
#13 /www/wwwroot/admin.licongying.cn/cmall/vendor/laravel/framework/src/Illuminate/Routing/Controller.php(54): call_user_func_array(Array, Array)
#14 /www/wwwroot/admin.licongying.cn/cmall/vendor/laravel/framework/src/Illuminate/Routing/ControllerDispatcher.php(45): Illuminate\\Routing\\Controller->callAction('edit', Array)
#15 /www/wwwroot/admin.licongying.cn/cmall/vendor/laravel/framework/src/Illuminate/Routing/Route.php(219): Illuminate\\Routing\\ControllerDispatcher->dispatch(Object(Illuminate\\Routing\\Route), Object(Encore\\Admin\\Controllers\\UserController), 'edit')
#16 /www/wwwroot/admin.licongying.cn/cmall/vendor/laravel/framework/src/Illuminate/Routing/Route.php(176): Illuminate\\Routing\\Route->runController()
#17 /www/wwwroot/admin.licongying.cn/cmall/vendor/laravel/framework/src/Illuminate/Routing/Router.php(680): Illuminate\\Routing\\Route->run()
#18 /www/wwwroot/admin.licongying.cn/cmall/vendor/laravel/framework/src/Illuminate/Routing/Pipeline.php(30): Illuminate\\Routing\\Router->Illuminate\\Routing\\{closure}(Object(Illuminate\\Http\\Request))
#19 /www/wwwroot/admin.licongying.cn/cmall/vendor/encore/laravel-admin/src/Middleware/Permission.php(42): Illuminate\\Routing\\Pipeline->Illuminate\\Routing\\{closure}(Object(Illuminate\\Http\\Request))
#20 /www/wwwroot/admin.licongying.cn/cmall/vendor/laravel/framework/src/Illuminate/Pipeline/Pipeline.php(163): Encore\\Admin\\Middleware\\Permission->handle(Object(Illuminate\\Http\\Request), Object(Closure))
#21 /www/wwwroot/admin.licongying.cn/cmall/vendor/laravel/framework/src/Illuminate/Routing/Pipeline.php(53): Illuminate\\Pipeline\\Pipeline->Illuminate\\Pipeline\\{closure}(Object(Illuminate\\Http\\Request))
#22 /www/wwwroot/admin.licongying.cn/cmall/vendor/encore/laravel-admin/src/Middleware/Bootstrap.php(15): Illuminate\\Routing\\Pipeline->Illuminate\\Routing\\{closure}(Object(Illuminate\\Http\\Request))
#23 /www/wwwroot/admin.licongying.cn/cmall/vendor/laravel/framework/src/Illuminate/Pipeline/Pipeline.php(163): Encore\\Admin\\Middleware\\Bootstrap->handle(Object(Illuminate\\Http\\Request), Object(Closure))
#24 /www/wwwroot/admin.licongying.cn/cmall/vendor/laravel/framework/src/Illuminate/Routing/Pipeline.php(53): Illuminate\\Pipeline\\Pipeline->Illuminate\\Pipeline\\{closure}(Object(Illuminate\\Http\\Request))
#25 /www/wwwroot/admin.licongying.cn/cmall/vendor/encore/laravel-admin/src/Middleware/LogOperation.php(38): Illuminate\\Routing\\Pipeline->Illuminate\\Routing\\{closure}(Object(Illuminate\\Http\\Request))
#26 /www/wwwroot/admin.licongying.cn/cmall/vendor/laravel/framework/src/Illuminate/Pipeline/Pipeline.php(163): Encore\\Admin\\Middleware\\LogOperation->handle(Object(Illuminate\\Http\\Request), Object(Closure))
#27 /www/wwwroot/admin.licongying.cn/cmall/vendor/laravel/framework/src/Illuminate/Routing/Pipeline.php(53): Illuminate\\Pipeline\\Pipeline->Illuminate\\Pipeline\\{closure}(Object(Illuminate\\Http\\Request))
#28 /www/wwwroot/admin.licongying.cn/cmall/vendor/encore/laravel-admin/src/Middleware/Pjax.php(24): Illuminate\\Routing\\Pipeline->Illuminate\\Routing\\{closure}(Object(Illuminate\\Http\\Request))
#29 /www/wwwroot/admin.licongying.cn/cmall/vendor/laravel/framework/src/Illuminate/Pipeline/Pipeline.php(163): Encore\\Admin\\Middleware\\Pjax->handle(Object(Illuminate\\Http\\Request), Object(Closure))
#30 /www/wwwroot/admin.licongying.cn/cmall/vendor/laravel/framework/src/Illuminate/Routing/Pipeline.php(53): Illuminate\\Pipeline\\Pipeline->Illuminate\\Pipeline\\{closure}(Object(Illuminate\\Http\\Request))
#31 /www/wwwroot/admin.licongying.cn/cmall/vendor/encore/laravel-admin/src/Middleware/Authenticate.php(27): Illuminate\\Routing\\Pipeline->Illuminate\\Routing\\{closure}(Object(Illuminate\\Http\\Request))
#32 /www/wwwroot/admin.licongying.cn/cmall/vendor/laravel/framework/src/Illuminate/Pipeline/Pipeline.php(163): Encore\\Admin\\Middleware\\Authenticate->handle(Object(Illuminate\\Http\\Request), Object(Closure))
#33 /www/wwwroot/admin.licongying.cn/cmall/vendor/laravel/framework/src/Illuminate/Routing/Pipeline.php(53): Illuminate\\Pipeline\\Pipeline->Illuminate\\Pipeline\\{closure}(Object(Illuminate\\Http\\Request))
#34 /www/wwwroot/admin.licongying.cn/cmall/vendor/laravel/framework/src/Illuminate/Routing/Middleware/SubstituteBindings.php(41): Illuminate\\Routing\\Pipeline->Illuminate\\Routing\\{closure}(Object(Illuminate\\Http\\Request))
#35 /www/wwwroot/admin.licongying.cn/cmall/vendor/laravel/framework/src/Illuminate/Pipeline/Pipeline.php(163): Illuminate\\Routing\\Middleware\\SubstituteBindings->handle(Object(Illuminate\\Http\\Request), Object(Closure))
#36 /www/wwwroot/admin.licongying.cn/cmall/vendor/laravel/framework/src/Illuminate/Routing/Pipeline.php(53): Illuminate\\Pipeline\\Pipeline->Illuminate\\Pipeline\\{closure}(Object(Illuminate\\Http\\Request))
#37 /www/wwwroot/admin.licongying.cn/cmall/vendor/laravel/framework/src/Illuminate/Foundation/Http/Middleware/VerifyCsrfToken.php(75): Illuminate\\Routing\\Pipeline->Illuminate\\Routing\\{closure}(Object(Illuminate\\Http\\Request))
#38 /www/wwwroot/admin.licongying.cn/cmall/vendor/laravel/framework/src/Illuminate/Pipeline/Pipeline.php(163): Illuminate\\Foundation\\Http\\Middleware\\VerifyCsrfToken->handle(Object(Illuminate\\Http\\Request), Object(Closure))
#39 /www/wwwroot/admin.licongying.cn/cmall/vendor/laravel/framework/src/Illuminate/Routing/Pipeline.php(53): Illuminate\\Pipeline\\Pipeline->Illuminate\\Pipeline\\{closure}(Object(Illuminate\\Http\\Request))
#40 /www/wwwroot/admin.licongying.cn/cmall/vendor/laravel/framework/src/Illuminate/View/Middleware/ShareErrorsFromSession.php(49): Illuminate\\Routing\\Pipeline->Illuminate\\Routing\\{closure}(Object(Illuminate\\Http\\Request))
#41 /www/wwwroot/admin.licongying.cn/cmall/vendor/laravel/framework/src/Illuminate/Pipeline/Pipeline.php(163): Illuminate\\View\\Middleware\\ShareErrorsFromSession->handle(Object(Illuminate\\Http\\Request), Object(Closure))
#42 /www/wwwroot/admin.licongying.cn/cmall/vendor/laravel/framework/src/Illuminate/Routing/Pipeline.php(53): Illuminate\\Pipeline\\Pipeline->Illuminate\\Pipeline\\{closure}(Object(Illuminate\\Http\\Request))
#43 /www/wwwroot/admin.licongying.cn/cmall/vendor/laravel/framework/src/Illuminate/Session/Middleware/StartSession.php(56): Illuminate\\Routing\\Pipeline->Illuminate\\Routing\\{closure}(Object(Illuminate\\Http\\Request))
#44 /www/wwwroot/admin.licongying.cn/cmall/vendor/laravel/framework/src/Illuminate/Pipeline/Pipeline.php(163): Illuminate\\Session\\Middleware\\StartSession->handle(Object(Illuminate\\Http\\Request), Object(Closure))
#45 /www/wwwroot/admin.licongying.cn/cmall/vendor/laravel/framework/src/Illuminate/Routing/Pipeline.php(53): Illuminate\\Pipeline\\Pipeline->Illuminate\\Pipeline\\{closure}(Object(Illuminate\\Http\\Request))
#46 /www/wwwroot/admin.licongying.cn/cmall/vendor/laravel/framework/src/Illuminate/Cookie/Middleware/AddQueuedCookiesToResponse.php(37): Illuminate\\Routing\\Pipeline->Illuminate\\Routing\\{closure}(Object(Illuminate\\Http\\Request))
#47 /www/wwwroot/admin.licongying.cn/cmall/vendor/laravel/framework/src/Illuminate/Pipeline/Pipeline.php(163): Illuminate\\Cookie\\Middleware\\AddQueuedCookiesToResponse->handle(Object(Illuminate\\Http\\Request), Object(Closure))
#48 /www/wwwroot/admin.licongying.cn/cmall/vendor/laravel/framework/src/Illuminate/Routing/Pipeline.php(53): Illuminate\\Pipeline\\Pipeline->Illuminate\\Pipeline\\{closure}(Object(Illuminate\\Http\\Request))
#49 /www/wwwroot/admin.licongying.cn/cmall/vendor/laravel/framework/src/Illuminate/Cookie/Middleware/EncryptCookies.php(66): Illuminate\\Routing\\Pipeline->Illuminate\\Routing\\{closure}(Object(Illuminate\\Http\\Request))
#50 /www/wwwroot/admin.licongying.cn/cmall/vendor/laravel/framework/src/Illuminate/Pipeline/Pipeline.php(163): Illuminate\\Cookie\\Middleware\\EncryptCookies->handle(Object(Illuminate\\Http\\Request), Object(Closure))
#51 /www/wwwroot/admin.licongying.cn/cmall/vendor/laravel/framework/src/Illuminate/Routing/Pipeline.php(53): Illuminate\\Pipeline\\Pipeline->Illuminate\\Pipeline\\{closure}(Object(Illuminate\\Http\\Request))
#52 /www/wwwroot/admin.licongying.cn/cmall/vendor/laravel/framework/src/Illuminate/Pipeline/Pipeline.php(104): Illuminate\\Routing\\Pipeline->Illuminate\\Routing\\{closure}(Object(Illuminate\\Http\\Request))
#53 /www/wwwroot/admin.licongying.cn/cmall/vendor/laravel/framework/src/Illuminate/Routing/Router.php(682): Illuminate\\Pipeline\\Pipeline->then(Object(Closure))
#54 /www/wwwroot/admin.licongying.cn/cmall/vendor/laravel/framework/src/Illuminate/Routing/Router.php(657): Illuminate\\Routing\\Router->runRouteWithinStack(Object(Illuminate\\Routing\\Route), Object(Illuminate\\Http\\Request))
#55 /www/wwwroot/admin.licongying.cn/cmall/vendor/laravel/framework/src/Illuminate/Routing/Router.php(623): Illuminate\\Routing\\Router->runRoute(Object(Illuminate\\Http\\Request), Object(Illuminate\\Routing\\Route))
#56 /www/wwwroot/admin.licongying.cn/cmall/vendor/laravel/framework/src/Illuminate/Routing/Router.php(612): Illuminate\\Routing\\Router->dispatchToRoute(Object(Illuminate\\Http\\Request))
#57 /www/wwwroot/admin.licongying.cn/cmall/vendor/laravel/framework/src/Illuminate/Foundation/Http/Kernel.php(176): Illuminate\\Routing\\Router->dispatch(Object(Illuminate\\Http\\Request))
#58 /www/wwwroot/admin.licongying.cn/cmall/vendor/laravel/framework/src/Illuminate/Routing/Pipeline.php(30): Illuminate\\Foundation\\Http\\Kernel->Illuminate\\Foundation\\Http\\{closure}(Object(Illuminate\\Http\\Request))
#59 /www/wwwroot/admin.licongying.cn/cmall/vendor/fideloper/proxy/src/TrustProxies.php(57): Illuminate\\Routing\\Pipeline->Illuminate\\Routing\\{closure}(Object(Illuminate\\Http\\Request))
#60 /www/wwwroot/admin.licongying.cn/cmall/vendor/laravel/framework/src/Illuminate/Pipeline/Pipeline.php(163): Fideloper\\Proxy\\TrustProxies->handle(Object(Illuminate\\Http\\Request), Object(Closure))
#61 /www/wwwroot/admin.licongying.cn/cmall/vendor/laravel/framework/src/Illuminate/Routing/Pipeline.php(53): Illuminate\\Pipeline\\Pipeline->Illuminate\\Pipeline\\{closure}(Object(Illuminate\\Http\\Request))
#62 /www/wwwroot/admin.licongying.cn/cmall/vendor/laravel/framework/src/Illuminate/Foundation/Http/Middleware/TransformsRequest.php(21): Illuminate\\Routing\\Pipeline->Illuminate\\Routing\\{closure}(Object(Illuminate\\Http\\Request))
#63 /www/wwwroot/admin.licongying.cn/cmall/vendor/laravel/framework/src/Illuminate/Pipeline/Pipeline.php(163): Illuminate\\Foundation\\Http\\Middleware\\TransformsRequest->handle(Object(Illuminate\\Http\\Request), Object(Closure))
#64 /www/wwwroot/admin.licongying.cn/cmall/vendor/laravel/framework/src/Illuminate/Routing/Pipeline.php(53): Illuminate\\Pipeline\\Pipeline->Illuminate\\Pipeline\\{closure}(Object(Illuminate\\Http\\Request))
#65 /www/wwwroot/admin.licongying.cn/cmall/vendor/laravel/framework/src/Illuminate/Foundation/Http/Middleware/TransformsRequest.php(21): Illuminate\\Routing\\Pipeline->Illuminate\\Routing\\{closure}(Object(Illuminate\\Http\\Request))
#66 /www/wwwroot/admin.licongying.cn/cmall/vendor/laravel/framework/src/Illuminate/Pipeline/Pipeline.php(163): Illuminate\\Foundation\\Http\\Middleware\\TransformsRequest->handle(Object(Illuminate\\Http\\Request), Object(Closure))
#67 /www/wwwroot/admin.licongying.cn/cmall/vendor/laravel/framework/src/Illuminate/Routing/Pipeline.php(53): Illuminate\\Pipeline\\Pipeline->Illuminate\\Pipeline\\{closure}(Object(Illuminate\\Http\\Request))
#68 /www/wwwroot/admin.licongying.cn/cmall/vendor/laravel/framework/src/Illuminate/Foundation/Http/Middleware/ValidatePostSize.php(27): Illuminate\\Routing\\Pipeline->Illuminate\\Routing\\{closure}(Object(Illuminate\\Http\\Request))
#69 /www/wwwroot/admin.licongying.cn/cmall/vendor/laravel/framework/src/Illuminate/Pipeline/Pipeline.php(163): Illuminate\\Foundation\\Http\\Middleware\\ValidatePostSize->handle(Object(Illuminate\\Http\\Request), Object(Closure))
#70 /www/wwwroot/admin.licongying.cn/cmall/vendor/laravel/framework/src/Illuminate/Routing/Pipeline.php(53): Illuminate\\Pipeline\\Pipeline->Illuminate\\Pipeline\\{closure}(Object(Illuminate\\Http\\Request))
#71 /www/wwwroot/admin.licongying.cn/cmall/vendor/laravel/framework/src/Illuminate/Foundation/Http/Middleware/CheckForMaintenanceMode.php(62): Illuminate\\Routing\\Pipeline->Illuminate\\Routing\\{closure}(Object(Illuminate\\Http\\Request))
#72 /www/wwwroot/admin.licongying.cn/cmall/vendor/laravel/framework/src/Illuminate/Pipeline/Pipeline.php(163): Illuminate\\Foundation\\Http\\Middleware\\CheckForMaintenanceMode->handle(Object(Illuminate\\Http\\Request), Object(Closure))
#73 /www/wwwroot/admin.licongying.cn/cmall/vendor/laravel/framework/src/Illuminate/Routing/Pipeline.php(53): Illuminate\\Pipeline\\Pipeline->Illuminate\\Pipeline\\{closure}(Object(Illuminate\\Http\\Request))
#74 /www/wwwroot/admin.licongying.cn/cmall/vendor/laravel/framework/src/Illuminate/Pipeline/Pipeline.php(104): Illuminate\\Routing\\Pipeline->Illuminate\\Routing\\{closure}(Object(Illuminate\\Http\\Request))
#75 /www/wwwroot/admin.licongying.cn/cmall/vendor/laravel/framework/src/Illuminate/Foundation/Http/Kernel.php(151): Illuminate\\Pipeline\\Pipeline->then(Object(Closure))
#76 /www/wwwroot/admin.licongying.cn/cmall/vendor/laravel/framework/src/Illuminate/Foundation/Http/Kernel.php(116): Illuminate\\Foundation\\Http\\Kernel->sendRequestThroughRouter(Object(Illuminate\\Http\\Request))
#77 /www/wwwroot/admin.licongying.cn/cmall/public/index.php(55): Illuminate\\Foundation\\Http\\Kernel->handle(Object(Illuminate\\Http\\Request))
#78 {main}
"} 
[2019-06-11 10:50:14] local.ERROR: Impossible to create the root directory "/www/wwwroot/admin.licongying.cn/cmall/public/uploads/images".  {"exception":"[object] (League\\Flysystem\\Exception(code: 0): Impossible to create the root directory \"/www/wwwroot/admin.licongying.cn/cmall/public/uploads/images\".  at /www/wwwroot/admin.licongying.cn/cmall/vendor/league/flysystem/src/Adapter/Local.php:113)
[stacktrace]
#0 /www/wwwroot/admin.licongying.cn/cmall/vendor/league/flysystem/src/Adapter/Local.php(157): League\\Flysystem\\Adapter\\Local->ensureDirectory('/www/wwwroot/ad...')
#1 /www/wwwroot/admin.licongying.cn/cmall/vendor/league/flysystem/src/Filesystem.php(122): League\\Flysystem\\Adapter\\Local->writeStream('images/QQ\\xE6\\x88\\xAA\\xE5\\x9B\\xBE...', Resource id #530, Object(League\\Flysystem\\Config))
#2 /www/wwwroot/admin.licongying.cn/cmall/vendor/laravel/framework/src/Illuminate/Filesystem/FilesystemAdapter.php(198): League\\Flysystem\\Filesystem->putStream('images/QQ\\xE6\\x88\\xAA\\xE5\\x9B\\xBE...', Resource id #530, Object(League\\Flysystem\\Config))
#3 /www/wwwroot/admin.licongying.cn/cmall/vendor/laravel/framework/src/Illuminate/Filesystem/FilesystemAdapter.php(232): Illuminate\\Filesystem\\FilesystemAdapter->put('images/QQ\\xE6\\x88\\xAA\\xE5\\x9B\\xBE...', Resource id #530, Array)
#4 /www/wwwroot/admin.licongying.cn/cmall/vendor/encore/laravel-admin/src/Form/Field/File.php(129): Illuminate\\Filesystem\\FilesystemAdapter->putFileAs('images/QQ\\xE6\\x88\\xAA\\xE5\\x9B\\xBE...', Object(Illuminate\\Http\\UploadedFile), 'QQ\\xE6\\x88\\xAA\\xE5\\x9B\\xBE2019061...')
#5 /www/wwwroot/admin.licongying.cn/cmall/vendor/encore/laravel-admin/src/Form/Field/Image.php(38): Encore\\Admin\\Form\\Field\\File->uploadAndDeleteOriginal(Object(Illuminate\\Http\\UploadedFile))
#6 /www/wwwroot/admin.licongying.cn/cmall/vendor/encore/laravel-admin/src/Form.php(885): Encore\\Admin\\Form\\Field\\Image->prepare(Object(Illuminate\\Http\\UploadedFile))
#7 /www/wwwroot/admin.licongying.cn/cmall/vendor/encore/laravel-admin/src/Form.php(540): Encore\\Admin\\Form->prepareUpdate(Array)
#8 /www/wwwroot/admin.licongying.cn/cmall/vendor/laravel/framework/src/Illuminate/Database/Concerns/ManagesTransactions.php(29): Encore\\Admin\\Form->Encore\\Admin\\{closure}(Object(Illuminate\\Database\\MySqlConnection))
#9 /www/wwwroot/admin.licongying.cn/cmall/vendor/laravel/framework/src/Illuminate/Database/DatabaseManager.php(349): Illuminate\\Database\\Connection->transaction(Object(Closure))
#10 /www/wwwroot/admin.licongying.cn/cmall/vendor/laravel/framework/src/Illuminate/Support/Facades/Facade.php(237): Illuminate\\Database\\DatabaseManager->__call('transaction', Array)
#11 /www/wwwroot/admin.licongying.cn/cmall/vendor/encore/laravel-admin/src/Form.php(550): Illuminate\\Support\\Facades\\Facade::__callStatic('transaction', Array)
#12 /www/wwwroot/admin.licongying.cn/cmall/vendor/encore/laravel-admin/src/Controllers/HasResourceActions.php(16): Encore\\Admin\\Form->update('1')
#13 [internal function]: Encore\\Admin\\Controllers\\AdminController->update('1')
#14 /www/wwwroot/admin.licongying.cn/cmall/vendor/laravel/framework/src/Illuminate/Routing/Controller.php(54): call_user_func_array(Array, Array)
#15 /www/wwwroot/admin.licongying.cn/cmall/vendor/laravel/framework/src/Illuminate/Routing/ControllerDispatcher.php(45): Illuminate\\Routing\\Controller->callAction('update', Array)
#16 /www/wwwroot/admin.licongying.cn/cmall/vendor/laravel/framework/src/Illuminate/Routing/Route.php(219): Illuminate\\Routing\\ControllerDispatcher->dispatch(Object(Illuminate\\Routing\\Route), Object(Encore\\Admin\\Controllers\\UserController), 'update')
#17 /www/wwwroot/admin.licongying.cn/cmall/vendor/laravel/framework/src/Illuminate/Routing/Route.php(176): Illuminate\\Routing\\Route->runController()
#18 /www/wwwroot/admin.licongying.cn/cmall/vendor/laravel/framework/src/Illuminate/Routing/Router.php(680): Illuminate\\Routing\\Route->run()
#19 /www/wwwroot/admin.licongying.cn/cmall/vendor/laravel/framework/src/Illuminate/Routing/Pipeline.php(30): Illuminate\\Routing\\Router->Illuminate\\Routing\\{closure}(Object(Illuminate\\Http\\Request))
#20 /www/wwwroot/admin.licongying.cn/cmall/vendor/encore/laravel-admin/src/Middleware/Permission.php(42): Illuminate\\Routing\\Pipeline->Illuminate\\Routing\\{closure}(Object(Illuminate\\Http\\Request))
#21 /www/wwwroot/admin.licongying.cn/cmall/vendor/laravel/framework/src/Illuminate/Pipeline/Pipeline.php(163): Encore\\Admin\\Middleware\\Permission->handle(Object(Illuminate\\Http\\Request), Object(Closure))
#22 /www/wwwroot/admin.licongying.cn/cmall/vendor/laravel/framework/src/Illuminate/Routing/Pipeline.php(53): Illuminate\\Pipeline\\Pipeline->Illuminate\\Pipeline\\{closure}(Object(Illuminate\\Http\\Request))
#23 /www/wwwroot/admin.licongying.cn/cmall/vendor/encore/laravel-admin/src/Middleware/Bootstrap.php(15): Illuminate\\Routing\\Pipeline->Illuminate\\Routing\\{closure}(Object(Illuminate\\Http\\Request))
#24 /www/wwwroot/admin.licongying.cn/cmall/vendor/laravel/framework/src/Illuminate/Pipeline/Pipeline.php(163): Encore\\Admin\\Middleware\\Bootstrap->handle(Object(Illuminate\\Http\\Request), Object(Closure))
#25 /www/wwwroot/admin.licongying.cn/cmall/vendor/laravel/framework/src/Illuminate/Routing/Pipeline.php(53): Illuminate\\Pipeline\\Pipeline->Illuminate\\Pipeline\\{closure}(Object(Illuminate\\Http\\Request))
#26 /www/wwwroot/admin.licongying.cn/cmall/vendor/encore/laravel-admin/src/Middleware/LogOperation.php(38): Illuminate\\Routing\\Pipeline->Illuminate\\Routing\\{closure}(Object(Illuminate\\Http\\Request))
#27 /www/wwwroot/admin.licongying.cn/cmall/vendor/laravel/framework/src/Illuminate/Pipeline/Pipeline.php(163): Encore\\Admin\\Middleware\\LogOperation->handle(Object(Illuminate\\Http\\Request), Object(Closure))
#28 /www/wwwroot/admin.licongying.cn/cmall/vendor/laravel/framework/src/Illuminate/Routing/Pipeline.php(53): Illuminate\\Pipeline\\Pipeline->Illuminate\\Pipeline\\{closure}(Object(Illuminate\\Http\\Request))
#29 /www/wwwroot/admin.licongying.cn/cmall/vendor/encore/laravel-admin/src/Middleware/Pjax.php(24): Illuminate\\Routing\\Pipeline->Illuminate\\Routing\\{closure}(Object(Illuminate\\Http\\Request))
#30 /www/wwwroot/admin.licongying.cn/cmall/vendor/laravel/framework/src/Illuminate/Pipeline/Pipeline.php(163): Encore\\Admin\\Middleware\\Pjax->handle(Object(Illuminate\\Http\\Request), Object(Closure))
#31 /www/wwwroot/admin.licongying.cn/cmall/vendor/laravel/framework/src/Illuminate/Routing/Pipeline.php(53): Illuminate\\Pipeline\\Pipeline->Illuminate\\Pipeline\\{closure}(Object(Illuminate\\Http\\Request))
#32 /www/wwwroot/admin.licongying.cn/cmall/vendor/encore/laravel-admin/src/Middleware/Authenticate.php(27): Illuminate\\Routing\\Pipeline->Illuminate\\Routing\\{closure}(Object(Illuminate\\Http\\Request))
#33 /www/wwwroot/admin.licongying.cn/cmall/vendor/laravel/framework/src/Illuminate/Pipeline/Pipeline.php(163): Encore\\Admin\\Middleware\\Authenticate->handle(Object(Illuminate\\Http\\Request), Object(Closure))
#34 /www/wwwroot/admin.licongying.cn/cmall/vendor/laravel/framework/src/Illuminate/Routing/Pipeline.php(53): Illuminate\\Pipeline\\Pipeline->Illuminate\\Pipeline\\{closure}(Object(Illuminate\\Http\\Request))
#35 /www/wwwroot/admin.licongying.cn/cmall/vendor/laravel/framework/src/Illuminate/Routing/Middleware/SubstituteBindings.php(41): Illuminate\\Routing\\Pipeline->Illuminate\\Routing\\{closure}(Object(Illuminate\\Http\\Request))
#36 /www/wwwroot/admin.licongying.cn/cmall/vendor/laravel/framework/src/Illuminate/Pipeline/Pipeline.php(163): Illuminate\\Routing\\Middleware\\SubstituteBindings->handle(Object(Illuminate\\Http\\Request), Object(Closure))
#37 /www/wwwroot/admin.licongying.cn/cmall/vendor/laravel/framework/src/Illuminate/Routing/Pipeline.php(53): Illuminate\\Pipeline\\Pipeline->Illuminate\\Pipeline\\{closure}(Object(Illuminate\\Http\\Request))
#38 /www/wwwroot/admin.licongying.cn/cmall/vendor/laravel/framework/src/Illuminate/Foundation/Http/Middleware/VerifyCsrfToken.php(75): Illuminate\\Routing\\Pipeline->Illuminate\\Routing\\{closure}(Object(Illuminate\\Http\\Request))
#39 /www/wwwroot/admin.licongying.cn/cmall/vendor/laravel/framework/src/Illuminate/Pipeline/Pipeline.php(163): Illuminate\\Foundation\\Http\\Middleware\\VerifyCsrfToken->handle(Object(Illuminate\\Http\\Request), Object(Closure))
#40 /www/wwwroot/admin.licongying.cn/cmall/vendor/laravel/framework/src/Illuminate/Routing/Pipeline.php(53): Illuminate\\Pipeline\\Pipeline->Illuminate\\Pipeline\\{closure}(Object(Illuminate\\Http\\Request))
#41 /www/wwwroot/admin.licongying.cn/cmall/vendor/laravel/framework/src/Illuminate/View/Middleware/ShareErrorsFromSession.php(49): Illuminate\\Routing\\Pipeline->Illuminate\\Routing\\{closure}(Object(Illuminate\\Http\\Request))
#42 /www/wwwroot/admin.licongying.cn/cmall/vendor/laravel/framework/src/Illuminate/Pipeline/Pipeline.php(163): Illuminate\\View\\Middleware\\ShareErrorsFromSession->handle(Object(Illuminate\\Http\\Request), Object(Closure))
#43 /www/wwwroot/admin.licongying.cn/cmall/vendor/laravel/framework/src/Illuminate/Routing/Pipeline.php(53): Illuminate\\Pipeline\\Pipeline->Illuminate\\Pipeline\\{closure}(Object(Illuminate\\Http\\Request))
#44 /www/wwwroot/admin.licongying.cn/cmall/vendor/laravel/framework/src/Illuminate/Session/Middleware/StartSession.php(56): Illuminate\\Routing\\Pipeline->Illuminate\\Routing\\{closure}(Object(Illuminate\\Http\\Request))
#45 /www/wwwroot/admin.licongying.cn/cmall/vendor/laravel/framework/src/Illuminate/Pipeline/Pipeline.php(163): Illuminate\\Session\\Middleware\\StartSession->handle(Object(Illuminate\\Http\\Request), Object(Closure))
#46 /www/wwwroot/admin.licongying.cn/cmall/vendor/laravel/framework/src/Illuminate/Routing/Pipeline.php(53): Illuminate\\Pipeline\\Pipeline->Illuminate\\Pipeline\\{closure}(Object(Illuminate\\Http\\Request))
#47 /www/wwwroot/admin.licongying.cn/cmall/vendor/laravel/framework/src/Illuminate/Cookie/Middleware/AddQueuedCookiesToResponse.php(37): Illuminate\\Routing\\Pipeline->Illuminate\\Routing\\{closure}(Object(Illuminate\\Http\\Request))
#48 /www/wwwroot/admin.licongying.cn/cmall/vendor/laravel/framework/src/Illuminate/Pipeline/Pipeline.php(163): Illuminate\\Cookie\\Middleware\\AddQueuedCookiesToResponse->handle(Object(Illuminate\\Http\\Request), Object(Closure))
#49 /www/wwwroot/admin.licongying.cn/cmall/vendor/laravel/framework/src/Illuminate/Routing/Pipeline.php(53): Illuminate\\Pipeline\\Pipeline->Illuminate\\Pipeline\\{closure}(Object(Illuminate\\Http\\Request))
#50 /www/wwwroot/admin.licongying.cn/cmall/vendor/laravel/framework/src/Illuminate/Cookie/Middleware/EncryptCookies.php(66): Illuminate\\Routing\\Pipeline->Illuminate\\Routing\\{closure}(Object(Illuminate\\Http\\Request))
#51 /www/wwwroot/admin.licongying.cn/cmall/vendor/laravel/framework/src/Illuminate/Pipeline/Pipeline.php(163): Illuminate\\Cookie\\Middleware\\EncryptCookies->handle(Object(Illuminate\\Http\\Request), Object(Closure))
#52 /www/wwwroot/admin.licongying.cn/cmall/vendor/laravel/framework/src/Illuminate/Routing/Pipeline.php(53): Illuminate\\Pipeline\\Pipeline->Illuminate\\Pipeline\\{closure}(Object(Illuminate\\Http\\Request))
#53 /www/wwwroot/admin.licongying.cn/cmall/vendor/laravel/framework/src/Illuminate/Pipeline/Pipeline.php(104): Illuminate\\Routing\\Pipeline->Illuminate\\Routing\\{closure}(Object(Illuminate\\Http\\Request))
#54 /www/wwwroot/admin.licongying.cn/cmall/vendor/laravel/framework/src/Illuminate/Routing/Router.php(682): Illuminate\\Pipeline\\Pipeline->then(Object(Closure))
#55 /www/wwwroot/admin.licongying.cn/cmall/vendor/laravel/framework/src/Illuminate/Routing/Router.php(657): Illuminate\\Routing\\Router->runRouteWithinStack(Object(Illuminate\\Routing\\Route), Object(Illuminate\\Http\\Request))
#56 /www/wwwroot/admin.licongying.cn/cmall/vendor/laravel/framework/src/Illuminate/Routing/Router.php(623): Illuminate\\Routing\\Router->runRoute(Object(Illuminate\\Http\\Request), Object(Illuminate\\Routing\\Route))
#57 /www/wwwroot/admin.licongying.cn/cmall/vendor/laravel/framework/src/Illuminate/Routing/Router.php(612): Illuminate\\Routing\\Router->dispatchToRoute(Object(Illuminate\\Http\\Request))
#58 /www/wwwroot/admin.licongying.cn/cmall/vendor/laravel/framework/src/Illuminate/Foundation/Http/Kernel.php(176): Illuminate\\Routing\\Router->dispatch(Object(Illuminate\\Http\\Request))
#59 /www/wwwroot/admin.licongying.cn/cmall/vendor/laravel/framework/src/Illuminate/Routing/Pipeline.php(30): Illuminate\\Foundation\\Http\\Kernel->Illuminate\\Foundation\\Http\\{closure}(Object(Illuminate\\Http\\Request))
#60 /www/wwwroot/admin.licongying.cn/cmall/vendor/fideloper/proxy/src/TrustProxies.php(57): Illuminate\\Routing\\Pipeline->Illuminate\\Routing\\{closure}(Object(Illuminate\\Http\\Request))
#61 /www/wwwroot/admin.licongying.cn/cmall/vendor/laravel/framework/src/Illuminate/Pipeline/Pipeline.php(163): Fideloper\\Proxy\\TrustProxies->handle(Object(Illuminate\\Http\\Request), Object(Closure))
#62 /www/wwwroot/admin.licongying.cn/cmall/vendor/laravel/framework/src/Illuminate/Routing/Pipeline.php(53): Illuminate\\Pipeline\\Pipeline->Illuminate\\Pipeline\\{closure}(Object(Illuminate\\Http\\Request))
#63 /www/wwwroot/admin.licongying.cn/cmall/vendor/laravel/framework/src/Illuminate/Foundation/Http/Middleware/TransformsRequest.php(21): Illuminate\\Routing\\Pipeline->Illuminate\\Routing\\{closure}(Object(Illuminate\\Http\\Request))
#64 /www/wwwroot/admin.licongying.cn/cmall/vendor/laravel/framework/src/Illuminate/Pipeline/Pipeline.php(163): Illuminate\\Foundation\\Http\\Middleware\\TransformsRequest->handle(Object(Illuminate\\Http\\Request), Object(Closure))
#65 /www/wwwroot/admin.licongying.cn/cmall/vendor/laravel/framework/src/Illuminate/Routing/Pipeline.php(53): Illuminate\\Pipeline\\Pipeline->Illuminate\\Pipeline\\{closure}(Object(Illuminate\\Http\\Request))
#66 /www/wwwroot/admin.licongying.cn/cmall/vendor/laravel/framework/src/Illuminate/Foundation/Http/Middleware/TransformsRequest.php(21): Illuminate\\Routing\\Pipeline->Illuminate\\Routing\\{closure}(Object(Illuminate\\Http\\Request))
#67 /www/wwwroot/admin.licongying.cn/cmall/vendor/laravel/framework/src/Illuminate/Pipeline/Pipeline.php(163): Illuminate\\Foundation\\Http\\Middleware\\TransformsRequest->handle(Object(Illuminate\\Http\\Request), Object(Closure))
#68 /www/wwwroot/admin.licongying.cn/cmall/vendor/laravel/framework/src/Illuminate/Routing/Pipeline.php(53): Illuminate\\Pipeline\\Pipeline->Illuminate\\Pipeline\\{closure}(Object(Illuminate\\Http\\Request))
#69 /www/wwwroot/admin.licongying.cn/cmall/vendor/laravel/framework/src/Illuminate/Foundation/Http/Middleware/ValidatePostSize.php(27): Illuminate\\Routing\\Pipeline->Illuminate\\Routing\\{closure}(Object(Illuminate\\Http\\Request))
#70 /www/wwwroot/admin.licongying.cn/cmall/vendor/laravel/framework/src/Illuminate/Pipeline/Pipeline.php(163): Illuminate\\Foundation\\Http\\Middleware\\ValidatePostSize->handle(Object(Illuminate\\Http\\Request), Object(Closure))
#71 /www/wwwroot/admin.licongying.cn/cmall/vendor/laravel/framework/src/Illuminate/Routing/Pipeline.php(53): Illuminate\\Pipeline\\Pipeline->Illuminate\\Pipeline\\{closure}(Object(Illuminate\\Http\\Request))
#72 /www/wwwroot/admin.licongying.cn/cmall/vendor/laravel/framework/src/Illuminate/Foundation/Http/Middleware/CheckForMaintenanceMode.php(62): Illuminate\\Routing\\Pipeline->Illuminate\\Routing\\{closure}(Object(Illuminate\\Http\\Request))
#73 /www/wwwroot/admin.licongying.cn/cmall/vendor/laravel/framework/src/Illuminate/Pipeline/Pipeline.php(163): Illuminate\\Foundation\\Http\\Middleware\\CheckForMaintenanceMode->handle(Object(Illuminate\\Http\\Request), Object(Closure))
#74 /www/wwwroot/admin.licongying.cn/cmall/vendor/laravel/framework/src/Illuminate/Routing/Pipeline.php(53): Illuminate\\Pipeline\\Pipeline->Illuminate\\Pipeline\\{closure}(Object(Illuminate\\Http\\Request))
#75 /www/wwwroot/admin.licongying.cn/cmall/vendor/laravel/framework/src/Illuminate/Pipeline/Pipeline.php(104): Illuminate\\Routing\\Pipeline->Illuminate\\Routing\\{closure}(Object(Illuminate\\Http\\Request))
#76 /www/wwwroot/admin.licongying.cn/cmall/vendor/laravel/framework/src/Illuminate/Foundation/Http/Kernel.php(151): Illuminate\\Pipeline\\Pipeline->then(Object(Closure))
#77 /www/wwwroot/admin.licongying.cn/cmall/vendor/laravel/framework/src/Illuminate/Foundation/Http/Kernel.php(116): Illuminate\\Foundation\\Http\\Kernel->sendRequestThroughRouter(Object(Illuminate\\Http\\Request))
#78 /www/wwwroot/admin.licongying.cn/cmall/public/index.php(55): Illuminate\\Foundation\\Http\\Kernel->handle(Object(Illuminate\\Http\\Request))
#79 {main}
"} 
